2022-11-07 14:39:16,806 [Worker-6: Loading available Gradle versions] INFO  o.e.b.c.i.u.g.PublishedGradleVersions - Gradle version information cache is up-to-date. Trying to read.
2022-11-07 14:39:45,853 [Worker-1: Creating project "jpatest"] INFO  o.e.m.c.i.l.LifecycleMappingFactory - Using org.eclipse.m2e.jdt.JarLifecycleMapping lifecycle mapping for MavenProject: jpatest:jpatest:0.0.1-SNAPSHOT @ C:\Users\Sabri\Desktop\udemy-course\java-orm-jpa-hibernate\jpatest\pom.xml.
2022-11-07 14:39:46,431 [Worker-1: Creating project "jpatest"] INFO  o.e.m.j.i.AbstractJavaProjectConfigurator - Adding source folder /jpatest/src/main/java
2022-11-07 14:39:46,433 [Worker-1: Creating project "jpatest"] INFO  o.e.m.j.i.AbstractJavaProjectConfigurator - Adding resource folder /jpatest/src/main/resources
2022-11-07 14:39:46,435 [Worker-1: Creating project "jpatest"] INFO  o.e.m.j.i.AbstractJavaProjectConfigurator - Adding source folder /jpatest/src/test/java
2022-11-07 14:39:46,435 [Worker-1: Creating project "jpatest"] INFO  o.e.m.j.i.AbstractJavaProjectConfigurator - Adding resource folder /jpatest/src/test/resources
2022-11-07 14:39:47,281 [Worker-3: Building] WARN  o.e.m.c.i.embedder.EclipseLogger - Using platform encoding (Cp1254 actually) to copy filtered resources, i.e. build is platform dependent!
2022-11-07 14:39:47,287 [Worker-3: Building] INFO  o.e.m.c.i.embedder.EclipseLogger - Copying 0 resource
2022-11-07 14:39:47,289 [Worker-3: Building] WARN  o.e.m.c.i.embedder.EclipseLogger - Using platform encoding (Cp1254 actually) to copy filtered resources, i.e. build is platform dependent!
2022-11-07 14:39:47,290 [Worker-3: Building] INFO  o.e.m.c.i.embedder.EclipseLogger - Copying 0 resource
2022-11-07 14:40:49,132 [Worker-1: Loading available Gradle versions] INFO  o.e.b.c.i.u.g.PublishedGradleVersions - Gradle version information cache is up-to-date. Trying to read.
2022-11-07 14:40:52,881 [Worker-12: Building] WARN  o.e.m.c.i.embedder.EclipseLogger - Using platform encoding (Cp1254 actually) to copy filtered resources, i.e. build is platform dependent!
2022-11-07 14:40:52,886 [Worker-12: Building] INFO  o.e.m.c.i.embedder.EclipseLogger - Copying 0 resource
2022-11-07 14:40:52,888 [Worker-12: Building] WARN  o.e.m.c.i.embedder.EclipseLogger - Using platform encoding (Cp1254 actually) to copy filtered resources, i.e. build is platform dependent!
2022-11-07 14:40:52,889 [Worker-12: Building] INFO  o.e.m.c.i.embedder.EclipseLogger - Copying 0 resource
2022-11-07 14:41:20,015 [Worker-3: Loading available Gradle versions] INFO  o.e.b.c.i.u.g.PublishedGradleVersions - Gradle version information cache is up-to-date. Trying to read.
2022-11-07 14:41:23,338 [Worker-4: Building] WARN  o.e.m.c.i.embedder.EclipseLogger - Using platform encoding (Cp1254 actually) to copy filtered resources, i.e. build is platform dependent!
2022-11-07 14:41:23,343 [Worker-4: Building] INFO  o.e.m.c.i.embedder.EclipseLogger - Copying 0 resource
2022-11-07 14:41:23,345 [Worker-4: Building] WARN  o.e.m.c.i.embedder.EclipseLogger - Using platform encoding (Cp1254 actually) to copy filtered resources, i.e. build is platform dependent!
2022-11-07 14:41:23,346 [Worker-4: Building] INFO  o.e.m.c.i.embedder.EclipseLogger - Copying 0 resource
2022-11-07 14:45:12,695 [Worker-21: Building] INFO  o.e.m.c.i.l.LifecycleMappingFactory - Using org.eclipse.m2e.jdt.JarLifecycleMapping lifecycle mapping for MavenProject: jpatest:jpatest:0.0.1-SNAPSHOT @ C:\Users\Sabri\Desktop\udemy-course\java-orm-jpa-hibernate\jpatest\pom.xml.
2022-11-07 14:45:13,031 [Worker-21: Building] WARN  o.e.m.c.i.embedder.EclipseLogger - Using platform encoding (Cp1254 actually) to copy filtered resources, i.e. build is platform dependent!
2022-11-07 14:45:13,033 [Worker-21: Building] INFO  o.e.m.c.i.embedder.EclipseLogger - Copying 0 resource
2022-11-07 14:45:13,036 [Worker-21: Building] WARN  o.e.m.c.i.embedder.EclipseLogger - Using platform encoding (Cp1254 actually) to copy filtered resources, i.e. build is platform dependent!
2022-11-07 14:45:13,036 [Worker-21: Building] INFO  o.e.m.c.i.embedder.EclipseLogger - Copying 0 resource
2022-11-07 14:45:14,405 [Worker-21: Building] WARN  o.e.m.c.i.embedder.EclipseLogger - Using platform encoding (Cp1254 actually) to copy filtered resources, i.e. build is platform dependent!
2022-11-07 14:45:14,407 [Worker-21: Building] INFO  o.e.m.c.i.embedder.EclipseLogger - Copying 0 resource
2022-11-07 14:45:14,409 [Worker-21: Building] WARN  o.e.m.c.i.embedder.EclipseLogger - Using platform encoding (Cp1254 actually) to copy filtered resources, i.e. build is platform dependent!
2022-11-07 14:45:14,410 [Worker-21: Building] INFO  o.e.m.c.i.embedder.EclipseLogger - Copying 0 resource
2022-11-07 14:45:16,354 [Worker-10: Download sources and javadoc] INFO  o.e.m.c.i.e.AbstractTransferListenerAdapter - Downloading https://repo.maven.apache.org/maven2/mysql/mysql-connector-java/8.0.13/mysql-connector-java-8.0.13-sources.jar
2022-11-07 14:45:23,890 [Worker-10: Download sources and javadoc] INFO  o.e.m.c.i.e.AbstractTransferListenerAdapter - Downloaded https://repo.maven.apache.org/maven2/mysql/mysql-connector-java/8.0.13/mysql-connector-java-8.0.13-sources.jar
2022-11-07 14:45:24,022 [Worker-10: Download sources and javadoc] INFO  o.e.m.j.internal.DownloadSourcesJob - Downloaded sources for mysql:mysql-connector-java:8.0.13
2022-11-07 14:45:24,307 [Worker-10: Download sources and javadoc] INFO  o.e.m.c.i.e.AbstractTransferListenerAdapter - Downloading https://repo.maven.apache.org/maven2/com/google/protobuf/protobuf-java/3.6.1/protobuf-java-3.6.1-sources.jar
2022-11-07 14:45:24,759 [Worker-10: Download sources and javadoc] INFO  o.e.m.c.i.e.AbstractTransferListenerAdapter - Downloaded https://repo.maven.apache.org/maven2/com/google/protobuf/protobuf-java/3.6.1/protobuf-java-3.6.1-sources.jar
2022-11-07 14:45:25,002 [Worker-10: Download sources and javadoc] INFO  o.e.m.j.internal.DownloadSourcesJob - Downloaded sources for com.google.protobuf:protobuf-java:3.6.1
2022-11-07 14:45:25,232 [Worker-21: Building] WARN  o.e.m.c.i.embedder.EclipseLogger - Using platform encoding (Cp1254 actually) to copy filtered resources, i.e. build is platform dependent!
2022-11-07 14:45:25,234 [Worker-21: Building] INFO  o.e.m.c.i.embedder.EclipseLogger - Copying 0 resource
2022-11-07 14:45:25,236 [Worker-21: Building] WARN  o.e.m.c.i.embedder.EclipseLogger - Using platform encoding (Cp1254 actually) to copy filtered resources, i.e. build is platform dependent!
2022-11-07 14:45:25,237 [Worker-21: Building] INFO  o.e.m.c.i.embedder.EclipseLogger - Copying 0 resource
2022-11-07 14:46:34,709 [Worker-10: Building] WARN  o.e.m.c.i.embedder.EclipseLogger - Using platform encoding (Cp1254 actually) to copy filtered resources, i.e. build is platform dependent!
2022-11-07 14:46:34,710 [Worker-10: Building] INFO  o.e.m.c.i.embedder.EclipseLogger - Copying 0 resource
2022-11-07 14:46:34,711 [Worker-10: Building] WARN  o.e.m.c.i.embedder.EclipseLogger - Using platform encoding (Cp1254 actually) to copy filtered resources, i.e. build is platform dependent!
2022-11-07 14:46:34,713 [Worker-10: Building] INFO  o.e.m.c.i.embedder.EclipseLogger - Copying 0 resource
2022-11-07 14:47:15,353 [Worker-20: Building] WARN  o.e.m.c.i.embedder.EclipseLogger - Using platform encoding (Cp1254 actually) to copy filtered resources, i.e. build is platform dependent!
2022-11-07 14:47:15,354 [Worker-20: Building] INFO  o.e.m.c.i.embedder.EclipseLogger - Copying 0 resource
2022-11-07 14:47:15,356 [Worker-20: Building] WARN  o.e.m.c.i.embedder.EclipseLogger - Using platform encoding (Cp1254 actually) to copy filtered resources, i.e. build is platform dependent!
2022-11-07 14:47:15,356 [Worker-20: Building] INFO  o.e.m.c.i.embedder.EclipseLogger - Copying 0 resource
2022-11-07 15:02:59,296 [Worker-26: Creating project "jpabasics"] INFO  o.e.m.c.i.l.LifecycleMappingFactory - Using org.eclipse.m2e.jdt.JarLifecycleMapping lifecycle mapping for MavenProject: com.godoro:jpabasics:0.0.1-SNAPSHOT @ C:\Users\Sabri\Desktop\udemy-course\java-orm-jpa-hibernate\jpabasics\pom.xml.
2022-11-07 15:02:59,487 [Worker-26: Creating project "jpabasics"] INFO  o.e.m.j.i.AbstractJavaProjectConfigurator - Adding source folder /jpabasics/src/main/java
2022-11-07 15:02:59,488 [Worker-26: Creating project "jpabasics"] INFO  o.e.m.j.i.AbstractJavaProjectConfigurator - Adding resource folder /jpabasics/src/main/resources
2022-11-07 15:02:59,490 [Worker-26: Creating project "jpabasics"] INFO  o.e.m.j.i.AbstractJavaProjectConfigurator - Adding source folder /jpabasics/src/test/java
2022-11-07 15:02:59,490 [Worker-26: Creating project "jpabasics"] INFO  o.e.m.j.i.AbstractJavaProjectConfigurator - Adding resource folder /jpabasics/src/test/resources
2022-11-07 15:02:59,724 [Worker-26: Building] WARN  o.e.m.c.i.embedder.EclipseLogger - Using platform encoding (Cp1254 actually) to copy filtered resources, i.e. build is platform dependent!
2022-11-07 15:02:59,726 [Worker-26: Building] INFO  o.e.m.c.i.embedder.EclipseLogger - Copying 0 resource
2022-11-07 15:02:59,728 [Worker-26: Building] WARN  o.e.m.c.i.embedder.EclipseLogger - Using platform encoding (Cp1254 actually) to copy filtered resources, i.e. build is platform dependent!
2022-11-07 15:02:59,730 [Worker-26: Building] INFO  o.e.m.c.i.embedder.EclipseLogger - Copying 0 resource
2022-11-07 15:05:30,551 [Worker-28: Building] WARN  o.e.m.c.i.embedder.EclipseLogger - Using platform encoding (Cp1254 actually) to copy filtered resources, i.e. build is platform dependent!
2022-11-07 15:05:30,553 [Worker-28: Building] INFO  o.e.m.c.i.embedder.EclipseLogger - Copying 0 resource
2022-11-07 15:05:30,555 [Worker-28: Building] WARN  o.e.m.c.i.embedder.EclipseLogger - Using platform encoding (Cp1254 actually) to copy filtered resources, i.e. build is platform dependent!
2022-11-07 15:05:30,555 [Worker-28: Building] INFO  o.e.m.c.i.embedder.EclipseLogger - Copying 0 resource
2022-11-07 15:06:25,034 [Worker-28: Building] WARN  o.e.m.c.i.embedder.EclipseLogger - Using platform encoding (Cp1254 actually) to copy filtered resources, i.e. build is platform dependent!
2022-11-07 15:06:25,036 [Worker-28: Building] INFO  o.e.m.c.i.embedder.EclipseLogger - Copying 0 resource
2022-11-07 15:06:25,038 [Worker-28: Building] WARN  o.e.m.c.i.embedder.EclipseLogger - Using platform encoding (Cp1254 actually) to copy filtered resources, i.e. build is platform dependent!
2022-11-07 15:06:25,039 [Worker-28: Building] INFO  o.e.m.c.i.embedder.EclipseLogger - Copying 0 resource
2022-11-07 15:09:16,131 [Worker-29: Building] INFO  o.e.m.c.i.l.LifecycleMappingFactory - Using org.eclipse.m2e.jdt.JarLifecycleMapping lifecycle mapping for MavenProject: com.godoro:jpabasics:0.0.1-SNAPSHOT @ C:\Users\Sabri\Desktop\udemy-course\java-orm-jpa-hibernate\jpabasics\pom.xml.
2022-11-07 15:09:16,374 [Worker-29: Building] WARN  o.e.m.c.i.embedder.EclipseLogger - Using platform encoding (Cp1254 actually) to copy filtered resources, i.e. build is platform dependent!
2022-11-07 15:09:16,377 [Worker-29: Building] INFO  o.e.m.c.i.embedder.EclipseLogger - Copying 0 resource
2022-11-07 15:09:16,378 [Worker-29: Building] WARN  o.e.m.c.i.embedder.EclipseLogger - Using platform encoding (Cp1254 actually) to copy filtered resources, i.e. build is platform dependent!
2022-11-07 15:09:16,379 [Worker-29: Building] INFO  o.e.m.c.i.embedder.EclipseLogger - Copying 0 resource
2022-11-07 15:09:17,701 [Worker-29: Building] WARN  o.e.m.c.i.embedder.EclipseLogger - Using platform encoding (Cp1254 actually) to copy filtered resources, i.e. build is platform dependent!
2022-11-07 15:09:17,702 [Worker-29: Building] INFO  o.e.m.c.i.embedder.EclipseLogger - Copying 0 resource
2022-11-07 15:09:17,703 [Worker-29: Building] WARN  o.e.m.c.i.embedder.EclipseLogger - Using platform encoding (Cp1254 actually) to copy filtered resources, i.e. build is platform dependent!
2022-11-07 15:09:17,704 [Worker-29: Building] INFO  o.e.m.c.i.embedder.EclipseLogger - Copying 0 resource
2022-11-07 15:11:23,863 [Worker-31: Building] WARN  o.e.m.c.i.embedder.EclipseLogger - Using platform encoding (Cp1254 actually) to copy filtered resources, i.e. build is platform dependent!
2022-11-07 15:11:23,863 [Worker-31: Building] INFO  o.e.m.c.i.embedder.EclipseLogger - Copying 0 resource
2022-11-07 15:11:23,864 [Worker-31: Building] WARN  o.e.m.c.i.embedder.EclipseLogger - Using platform encoding (Cp1254 actually) to copy filtered resources, i.e. build is platform dependent!
2022-11-07 15:11:23,865 [Worker-31: Building] INFO  o.e.m.c.i.embedder.EclipseLogger - Copying 0 resource
2022-11-07 15:12:23,378 [Worker-31: Building] WARN  o.e.m.c.i.embedder.EclipseLogger - Using platform encoding (Cp1254 actually) to copy filtered resources, i.e. build is platform dependent!
2022-11-07 15:12:23,379 [Worker-31: Building] INFO  o.e.m.c.i.embedder.EclipseLogger - Copying 0 resource
2022-11-07 15:12:23,380 [Worker-31: Building] WARN  o.e.m.c.i.embedder.EclipseLogger - Using platform encoding (Cp1254 actually) to copy filtered resources, i.e. build is platform dependent!
2022-11-07 15:12:23,381 [Worker-31: Building] INFO  o.e.m.c.i.embedder.EclipseLogger - Copying 0 resource
2022-11-07 15:12:53,878 [Worker-35: Building] WARN  o.e.m.c.i.embedder.EclipseLogger - Using platform encoding (Cp1254 actually) to copy filtered resources, i.e. build is platform dependent!
2022-11-07 15:12:53,880 [Worker-35: Building] INFO  o.e.m.c.i.embedder.EclipseLogger - Copying 0 resource
2022-11-07 15:12:53,882 [Worker-35: Building] WARN  o.e.m.c.i.embedder.EclipseLogger - Using platform encoding (Cp1254 actually) to copy filtered resources, i.e. build is platform dependent!
2022-11-07 15:12:53,884 [Worker-35: Building] INFO  o.e.m.c.i.embedder.EclipseLogger - Copying 0 resource
2022-11-07 15:13:25,991 [Worker-36: Building] WARN  o.e.m.c.i.embedder.EclipseLogger - Using platform encoding (Cp1254 actually) to copy filtered resources, i.e. build is platform dependent!
2022-11-07 15:13:25,992 [Worker-36: Building] INFO  o.e.m.c.i.embedder.EclipseLogger - Copying 0 resource
2022-11-07 15:13:25,993 [Worker-36: Building] WARN  o.e.m.c.i.embedder.EclipseLogger - Using platform encoding (Cp1254 actually) to copy filtered resources, i.e. build is platform dependent!
2022-11-07 15:13:25,994 [Worker-36: Building] INFO  o.e.m.c.i.embedder.EclipseLogger - Copying 0 resource
2022-11-07 15:14:49,487 [Worker-38: Building] WARN  o.e.m.c.i.embedder.EclipseLogger - Using platform encoding (Cp1254 actually) to copy filtered resources, i.e. build is platform dependent!
2022-11-07 15:14:49,488 [Worker-38: Building] INFO  o.e.m.c.i.embedder.EclipseLogger - Copying 0 resource
2022-11-07 15:14:49,490 [Worker-38: Building] WARN  o.e.m.c.i.embedder.EclipseLogger - Using platform encoding (Cp1254 actually) to copy filtered resources, i.e. build is platform dependent!
2022-11-07 15:14:49,491 [Worker-38: Building] INFO  o.e.m.c.i.embedder.EclipseLogger - Copying 0 resource
2022-11-07 15:16:26,279 [Worker-39: Building] WARN  o.e.m.c.i.embedder.EclipseLogger - Using platform encoding (Cp1254 actually) to copy filtered resources, i.e. build is platform dependent!
2022-11-07 15:16:26,282 [Worker-39: Building] INFO  o.e.m.c.i.embedder.EclipseLogger - Copying 0 resource
2022-11-07 15:16:26,285 [Worker-39: Building] WARN  o.e.m.c.i.embedder.EclipseLogger - Using platform encoding (Cp1254 actually) to copy filtered resources, i.e. build is platform dependent!
2022-11-07 15:16:26,286 [Worker-39: Building] INFO  o.e.m.c.i.embedder.EclipseLogger - Copying 0 resource
2022-11-07 15:16:27,304 [Worker-41: Building] WARN  o.e.m.c.i.embedder.EclipseLogger - Using platform encoding (Cp1254 actually) to copy filtered resources, i.e. build is platform dependent!
2022-11-07 15:16:27,306 [Worker-41: Building] INFO  o.e.m.c.i.embedder.EclipseLogger - Copying 0 resource
2022-11-07 15:16:27,308 [Worker-41: Building] WARN  o.e.m.c.i.embedder.EclipseLogger - Using platform encoding (Cp1254 actually) to copy filtered resources, i.e. build is platform dependent!
2022-11-07 15:16:27,309 [Worker-41: Building] INFO  o.e.m.c.i.embedder.EclipseLogger - Copying 0 resource
2022-11-07 15:19:30,485 [Worker-38: Building] WARN  o.e.m.c.i.embedder.EclipseLogger - Using platform encoding (Cp1254 actually) to copy filtered resources, i.e. build is platform dependent!
2022-11-07 15:19:30,487 [Worker-38: Building] INFO  o.e.m.c.i.embedder.EclipseLogger - Copying 0 resource
2022-11-07 15:19:30,488 [Worker-38: Building] WARN  o.e.m.c.i.embedder.EclipseLogger - Using platform encoding (Cp1254 actually) to copy filtered resources, i.e. build is platform dependent!
2022-11-07 15:19:30,489 [Worker-38: Building] INFO  o.e.m.c.i.embedder.EclipseLogger - Copying 0 resource
2022-11-07 15:20:22,891 [Worker-38: Building] WARN  o.e.m.c.i.embedder.EclipseLogger - Using platform encoding (Cp1254 actually) to copy filtered resources, i.e. build is platform dependent!
2022-11-07 15:20:22,892 [Worker-38: Building] INFO  o.e.m.c.i.embedder.EclipseLogger - Copying 0 resource
2022-11-07 15:20:22,894 [Worker-38: Building] WARN  o.e.m.c.i.embedder.EclipseLogger - Using platform encoding (Cp1254 actually) to copy filtered resources, i.e. build is platform dependent!
2022-11-07 15:20:22,895 [Worker-38: Building] INFO  o.e.m.c.i.embedder.EclipseLogger - Copying 0 resource
2022-11-07 15:21:27,533 [Worker-42: Building] WARN  o.e.m.c.i.embedder.EclipseLogger - Using platform encoding (Cp1254 actually) to copy filtered resources, i.e. build is platform dependent!
2022-11-07 15:21:27,535 [Worker-42: Building] INFO  o.e.m.c.i.embedder.EclipseLogger - Copying 0 resource
2022-11-07 15:21:27,536 [Worker-42: Building] WARN  o.e.m.c.i.embedder.EclipseLogger - Using platform encoding (Cp1254 actually) to copy filtered resources, i.e. build is platform dependent!
2022-11-07 15:21:27,537 [Worker-42: Building] INFO  o.e.m.c.i.embedder.EclipseLogger - Copying 0 resource
2022-11-07 15:22:41,725 [Worker-42: Building] WARN  o.e.m.c.i.embedder.EclipseLogger - Using platform encoding (Cp1254 actually) to copy filtered resources, i.e. build is platform dependent!
2022-11-07 15:22:41,726 [Worker-42: Building] INFO  o.e.m.c.i.embedder.EclipseLogger - Copying 0 resource
2022-11-07 15:22:41,727 [Worker-42: Building] WARN  o.e.m.c.i.embedder.EclipseLogger - Using platform encoding (Cp1254 actually) to copy filtered resources, i.e. build is platform dependent!
2022-11-07 15:22:41,728 [Worker-42: Building] INFO  o.e.m.c.i.embedder.EclipseLogger - Copying 0 resource
2022-11-07 15:27:35,138 [Worker-40: Building] WARN  o.e.m.c.i.embedder.EclipseLogger - Using platform encoding (Cp1254 actually) to copy filtered resources, i.e. build is platform dependent!
2022-11-07 15:27:35,140 [Worker-40: Building] INFO  o.e.m.c.i.embedder.EclipseLogger - Copying 0 resource
2022-11-07 15:27:35,142 [Worker-40: Building] WARN  o.e.m.c.i.embedder.EclipseLogger - Using platform encoding (Cp1254 actually) to copy filtered resources, i.e. build is platform dependent!
2022-11-07 15:27:35,143 [Worker-40: Building] INFO  o.e.m.c.i.embedder.EclipseLogger - Copying 0 resource
2022-11-07 15:28:05,148 [Worker-40: Building] WARN  o.e.m.c.i.embedder.EclipseLogger - Using platform encoding (Cp1254 actually) to copy filtered resources, i.e. build is platform dependent!
2022-11-07 15:28:05,149 [Worker-40: Building] INFO  o.e.m.c.i.embedder.EclipseLogger - Copying 0 resource
2022-11-07 15:28:05,151 [Worker-40: Building] WARN  o.e.m.c.i.embedder.EclipseLogger - Using platform encoding (Cp1254 actually) to copy filtered resources, i.e. build is platform dependent!
2022-11-07 15:28:05,152 [Worker-40: Building] INFO  o.e.m.c.i.embedder.EclipseLogger - Copying 0 resource
2022-11-07 15:34:07,025 [Worker-9: Loading available Gradle versions] INFO  o.e.b.c.i.u.g.PublishedGradleVersions - Gradle version information cache is up-to-date. Trying to read.
2022-11-07 15:36:15,393 [Worker-23: Building] INFO  o.e.m.c.i.l.LifecycleMappingFactory - Using org.eclipse.m2e.jdt.JarLifecycleMapping lifecycle mapping for MavenProject: com.godoro:jpabasics:0.0.1-SNAPSHOT @ C:\Users\Sabri\Desktop\udemy-course\java-orm-jpa-hibernate\jpabasics\pom.xml.
2022-11-07 15:36:15,730 [Worker-23: Building] WARN  o.e.m.c.i.embedder.EclipseLogger - Using platform encoding (Cp1254 actually) to copy filtered resources, i.e. build is platform dependent!
2022-11-07 15:36:15,736 [Worker-23: Building] INFO  o.e.m.c.i.embedder.EclipseLogger - Copying 0 resource
2022-11-07 15:36:15,737 [Worker-23: Building] WARN  o.e.m.c.i.embedder.EclipseLogger - Using platform encoding (Cp1254 actually) to copy filtered resources, i.e. build is platform dependent!
2022-11-07 15:36:15,738 [Worker-23: Building] INFO  o.e.m.c.i.embedder.EclipseLogger - Copying 0 resource
2022-11-07 15:36:17,451 [Worker-23: Building] WARN  o.e.m.c.i.embedder.EclipseLogger - Using platform encoding (Cp1254 actually) to copy filtered resources, i.e. build is platform dependent!
2022-11-07 15:36:17,455 [Worker-23: Building] INFO  o.e.m.c.i.embedder.EclipseLogger - Copying 0 resource
2022-11-07 15:36:17,457 [Worker-23: Building] WARN  o.e.m.c.i.embedder.EclipseLogger - Using platform encoding (Cp1254 actually) to copy filtered resources, i.e. build is platform dependent!
2022-11-07 15:36:17,458 [Worker-23: Building] INFO  o.e.m.c.i.embedder.EclipseLogger - Copying 0 resource
2022-11-07 15:38:29,330 [Worker-5: Building] WARN  o.e.m.c.i.embedder.EclipseLogger - Using platform encoding (Cp1254 actually) to copy filtered resources, i.e. build is platform dependent!
2022-11-07 15:38:29,331 [Worker-5: Building] INFO  o.e.m.c.i.embedder.EclipseLogger - Copying 0 resource
2022-11-07 15:38:29,332 [Worker-5: Building] WARN  o.e.m.c.i.embedder.EclipseLogger - Using platform encoding (Cp1254 actually) to copy filtered resources, i.e. build is platform dependent!
2022-11-07 15:38:29,333 [Worker-5: Building] INFO  o.e.m.c.i.embedder.EclipseLogger - Copying 0 resource
2022-11-07 15:45:10,724 [Worker-29: Building] WARN  o.e.m.c.i.embedder.EclipseLogger - Using platform encoding (Cp1254 actually) to copy filtered resources, i.e. build is platform dependent!
2022-11-07 15:45:10,725 [Worker-29: Building] INFO  o.e.m.c.i.embedder.EclipseLogger - Copying 0 resource
2022-11-07 15:45:10,727 [Worker-29: Building] WARN  o.e.m.c.i.embedder.EclipseLogger - Using platform encoding (Cp1254 actually) to copy filtered resources, i.e. build is platform dependent!
2022-11-07 15:45:10,728 [Worker-29: Building] INFO  o.e.m.c.i.embedder.EclipseLogger - Copying 0 resource
2022-11-07 16:24:31,854 [Worker-27: Building] WARN  o.e.m.c.i.embedder.EclipseLogger - Using platform encoding (Cp1254 actually) to copy filtered resources, i.e. build is platform dependent!
2022-11-07 16:24:31,856 [Worker-27: Building] INFO  o.e.m.c.i.embedder.EclipseLogger - Copying 0 resource
2022-11-07 16:24:31,857 [Worker-27: Building] WARN  o.e.m.c.i.embedder.EclipseLogger - Using platform encoding (Cp1254 actually) to copy filtered resources, i.e. build is platform dependent!
2022-11-07 16:24:31,858 [Worker-27: Building] INFO  o.e.m.c.i.embedder.EclipseLogger - Copying 0 resource
2022-11-07 16:26:23,857 [Worker-33: Building] WARN  o.e.m.c.i.embedder.EclipseLogger - Using platform encoding (Cp1254 actually) to copy filtered resources, i.e. build is platform dependent!
2022-11-07 16:26:23,860 [Worker-33: Building] INFO  o.e.m.c.i.embedder.EclipseLogger - Copying 0 resource
2022-11-07 16:26:23,862 [Worker-33: Building] WARN  o.e.m.c.i.embedder.EclipseLogger - Using platform encoding (Cp1254 actually) to copy filtered resources, i.e. build is platform dependent!
2022-11-07 16:26:23,864 [Worker-33: Building] INFO  o.e.m.c.i.embedder.EclipseLogger - Copying 0 resource
2022-11-07 16:27:47,264 [Worker-27: Building] WARN  o.e.m.c.i.embedder.EclipseLogger - Using platform encoding (Cp1254 actually) to copy filtered resources, i.e. build is platform dependent!
2022-11-07 16:27:47,266 [Worker-27: Building] INFO  o.e.m.c.i.embedder.EclipseLogger - Copying 0 resource
2022-11-07 16:27:47,268 [Worker-27: Building] WARN  o.e.m.c.i.embedder.EclipseLogger - Using platform encoding (Cp1254 actually) to copy filtered resources, i.e. build is platform dependent!
2022-11-07 16:27:47,269 [Worker-27: Building] INFO  o.e.m.c.i.embedder.EclipseLogger - Copying 0 resource
2022-11-07 16:28:10,665 [Worker-33: Building] WARN  o.e.m.c.i.embedder.EclipseLogger - Using platform encoding (Cp1254 actually) to copy filtered resources, i.e. build is platform dependent!
2022-11-07 16:28:10,666 [Worker-33: Building] INFO  o.e.m.c.i.embedder.EclipseLogger - Copying 0 resource
2022-11-07 16:28:10,670 [Worker-33: Building] WARN  o.e.m.c.i.embedder.EclipseLogger - Using platform encoding (Cp1254 actually) to copy filtered resources, i.e. build is platform dependent!
2022-11-07 16:28:10,671 [Worker-33: Building] INFO  o.e.m.c.i.embedder.EclipseLogger - Copying 0 resource
2022-11-07 16:30:11,230 [Worker-36: Building] WARN  o.e.m.c.i.embedder.EclipseLogger - Using platform encoding (Cp1254 actually) to copy filtered resources, i.e. build is platform dependent!
2022-11-07 16:30:11,231 [Worker-36: Building] INFO  o.e.m.c.i.embedder.EclipseLogger - Copying 0 resource
2022-11-07 16:30:11,233 [Worker-36: Building] WARN  o.e.m.c.i.embedder.EclipseLogger - Using platform encoding (Cp1254 actually) to copy filtered resources, i.e. build is platform dependent!
2022-11-07 16:30:11,234 [Worker-36: Building] INFO  o.e.m.c.i.embedder.EclipseLogger - Copying 0 resource
2022-11-07 16:30:12,246 [Worker-35: Building] WARN  o.e.m.c.i.embedder.EclipseLogger - Using platform encoding (Cp1254 actually) to copy filtered resources, i.e. build is platform dependent!
2022-11-07 16:30:12,247 [Worker-35: Building] INFO  o.e.m.c.i.embedder.EclipseLogger - Copying 0 resource
2022-11-07 16:30:12,248 [Worker-35: Building] WARN  o.e.m.c.i.embedder.EclipseLogger - Using platform encoding (Cp1254 actually) to copy filtered resources, i.e. build is platform dependent!
2022-11-07 16:30:12,250 [Worker-35: Building] INFO  o.e.m.c.i.embedder.EclipseLogger - Copying 0 resource
2022-11-07 16:31:04,748 [Worker-33: Building] WARN  o.e.m.c.i.embedder.EclipseLogger - Using platform encoding (Cp1254 actually) to copy filtered resources, i.e. build is platform dependent!
2022-11-07 16:31:04,749 [Worker-33: Building] INFO  o.e.m.c.i.embedder.EclipseLogger - Copying 0 resource
2022-11-07 16:31:04,750 [Worker-33: Building] WARN  o.e.m.c.i.embedder.EclipseLogger - Using platform encoding (Cp1254 actually) to copy filtered resources, i.e. build is platform dependent!
2022-11-07 16:31:04,751 [Worker-33: Building] INFO  o.e.m.c.i.embedder.EclipseLogger - Copying 0 resource
2022-11-07 16:31:18,504 [Worker-33: Launching ProductPersist] WARN  o.e.m.c.i.embedder.EclipseLogger - Using platform encoding (Cp1254 actually) to copy filtered resources, i.e. build is platform dependent!
2022-11-07 16:31:18,507 [Worker-33: Launching ProductPersist] INFO  o.e.m.c.i.embedder.EclipseLogger - Copying 0 resource
2022-11-07 16:31:18,508 [Worker-33: Launching ProductPersist] WARN  o.e.m.c.i.embedder.EclipseLogger - Using platform encoding (Cp1254 actually) to copy filtered resources, i.e. build is platform dependent!
2022-11-07 16:31:18,510 [Worker-33: Launching ProductPersist] INFO  o.e.m.c.i.embedder.EclipseLogger - Copying 0 resource
2022-11-07 17:13:05,948 [Worker-42: Building] WARN  o.e.m.c.i.embedder.EclipseLogger - Using platform encoding (Cp1254 actually) to copy filtered resources, i.e. build is platform dependent!
2022-11-07 17:13:05,950 [Worker-42: Building] INFO  o.e.m.c.i.embedder.EclipseLogger - Copying 0 resource
2022-11-07 17:13:05,952 [Worker-42: Building] WARN  o.e.m.c.i.embedder.EclipseLogger - Using platform encoding (Cp1254 actually) to copy filtered resources, i.e. build is platform dependent!
2022-11-07 17:13:05,953 [Worker-42: Building] INFO  o.e.m.c.i.embedder.EclipseLogger - Copying 0 resource
2022-11-07 17:13:07,018 [Worker-39: Building] WARN  o.e.m.c.i.embedder.EclipseLogger - Using platform encoding (Cp1254 actually) to copy filtered resources, i.e. build is platform dependent!
2022-11-07 17:13:07,020 [Worker-39: Building] INFO  o.e.m.c.i.embedder.EclipseLogger - Copying 0 resource
2022-11-07 17:13:07,021 [Worker-39: Building] WARN  o.e.m.c.i.embedder.EclipseLogger - Using platform encoding (Cp1254 actually) to copy filtered resources, i.e. build is platform dependent!
2022-11-07 17:13:07,023 [Worker-39: Building] INFO  o.e.m.c.i.embedder.EclipseLogger - Copying 0 resource
2022-11-07 17:17:48,532 [Worker-39: Building] WARN  o.e.m.c.i.embedder.EclipseLogger - Using platform encoding (Cp1254 actually) to copy filtered resources, i.e. build is platform dependent!
2022-11-07 17:17:48,534 [Worker-39: Building] INFO  o.e.m.c.i.embedder.EclipseLogger - Copying 0 resource
2022-11-07 17:17:48,536 [Worker-39: Building] WARN  o.e.m.c.i.embedder.EclipseLogger - Using platform encoding (Cp1254 actually) to copy filtered resources, i.e. build is platform dependent!
2022-11-07 17:17:48,537 [Worker-39: Building] INFO  o.e.m.c.i.embedder.EclipseLogger - Copying 0 resource
2022-11-08 14:33:42,935 [Worker-1: Loading available Gradle versions] INFO  o.e.b.c.i.u.g.PublishedGradleVersions - Gradle version information cache is up-to-date. Trying to read.
2022-11-08 14:33:45,220 [Worker-4: Building] WARN  o.e.m.c.i.embedder.EclipseLogger - Using platform encoding (Cp1254 actually) to copy filtered resources, i.e. build is platform dependent!
2022-11-08 14:33:45,231 [Worker-4: Building] INFO  o.e.m.c.i.embedder.EclipseLogger - Copying 0 resource
2022-11-08 14:33:45,235 [Worker-4: Building] WARN  o.e.m.c.i.embedder.EclipseLogger - Using platform encoding (Cp1254 actually) to copy filtered resources, i.e. build is platform dependent!
2022-11-08 14:33:45,236 [Worker-4: Building] INFO  o.e.m.c.i.embedder.EclipseLogger - Copying 0 resource
2022-11-08 14:34:20,722 [Worker-18: Building] WARN  o.e.m.c.i.embedder.EclipseLogger - Using platform encoding (Cp1254 actually) to copy filtered resources, i.e. build is platform dependent!
2022-11-08 14:34:20,742 [Worker-18: Building] INFO  o.e.m.c.i.embedder.EclipseLogger - Copying 0 resource
2022-11-08 14:34:20,744 [Worker-18: Building] WARN  o.e.m.c.i.embedder.EclipseLogger - Using platform encoding (Cp1254 actually) to copy filtered resources, i.e. build is platform dependent!
2022-11-08 14:34:20,747 [Worker-18: Building] INFO  o.e.m.c.i.embedder.EclipseLogger - Copying 0 resource
2022-11-08 14:36:13,020 [Worker-5: Building] WARN  o.e.m.c.i.embedder.EclipseLogger - Using platform encoding (Cp1254 actually) to copy filtered resources, i.e. build is platform dependent!
2022-11-08 14:36:13,021 [Worker-5: Building] INFO  o.e.m.c.i.embedder.EclipseLogger - Copying 0 resource
2022-11-08 14:36:13,022 [Worker-5: Building] WARN  o.e.m.c.i.embedder.EclipseLogger - Using platform encoding (Cp1254 actually) to copy filtered resources, i.e. build is platform dependent!
2022-11-08 14:36:13,023 [Worker-5: Building] INFO  o.e.m.c.i.embedder.EclipseLogger - Copying 0 resource
2022-11-08 14:59:55,345 [Worker-16: Building] WARN  o.e.m.c.i.embedder.EclipseLogger - Using platform encoding (Cp1254 actually) to copy filtered resources, i.e. build is platform dependent!
2022-11-08 14:59:55,347 [Worker-16: Building] INFO  o.e.m.c.i.embedder.EclipseLogger - Copying 0 resource
2022-11-08 14:59:55,349 [Worker-16: Building] WARN  o.e.m.c.i.embedder.EclipseLogger - Using platform encoding (Cp1254 actually) to copy filtered resources, i.e. build is platform dependent!
2022-11-08 14:59:55,350 [Worker-16: Building] INFO  o.e.m.c.i.embedder.EclipseLogger - Copying 0 resource
2022-11-08 15:09:13,089 [Worker-20: Building] WARN  o.e.m.c.i.embedder.EclipseLogger - Using platform encoding (Cp1254 actually) to copy filtered resources, i.e. build is platform dependent!
2022-11-08 15:09:13,091 [Worker-20: Building] INFO  o.e.m.c.i.embedder.EclipseLogger - Copying 0 resource
2022-11-08 15:09:13,092 [Worker-20: Building] WARN  o.e.m.c.i.embedder.EclipseLogger - Using platform encoding (Cp1254 actually) to copy filtered resources, i.e. build is platform dependent!
2022-11-08 15:09:13,093 [Worker-20: Building] INFO  o.e.m.c.i.embedder.EclipseLogger - Copying 0 resource
2022-11-08 15:09:16,859 [Worker-22: Building] WARN  o.e.m.c.i.embedder.EclipseLogger - Using platform encoding (Cp1254 actually) to copy filtered resources, i.e. build is platform dependent!
2022-11-08 15:09:16,861 [Worker-22: Building] INFO  o.e.m.c.i.embedder.EclipseLogger - Copying 0 resource
2022-11-08 15:09:16,863 [Worker-22: Building] WARN  o.e.m.c.i.embedder.EclipseLogger - Using platform encoding (Cp1254 actually) to copy filtered resources, i.e. build is platform dependent!
2022-11-08 15:09:16,864 [Worker-22: Building] INFO  o.e.m.c.i.embedder.EclipseLogger - Copying 0 resource
2022-11-08 15:15:10,927 [Worker-20: Building] WARN  o.e.m.c.i.embedder.EclipseLogger - Using platform encoding (Cp1254 actually) to copy filtered resources, i.e. build is platform dependent!
2022-11-08 15:15:10,929 [Worker-20: Building] INFO  o.e.m.c.i.embedder.EclipseLogger - Copying 0 resource
2022-11-08 15:15:10,931 [Worker-20: Building] WARN  o.e.m.c.i.embedder.EclipseLogger - Using platform encoding (Cp1254 actually) to copy filtered resources, i.e. build is platform dependent!
2022-11-08 15:15:10,933 [Worker-20: Building] INFO  o.e.m.c.i.embedder.EclipseLogger - Copying 0 resource
2022-11-08 15:17:12,814 [Worker-28: Building] WARN  o.e.m.c.i.embedder.EclipseLogger - Using platform encoding (Cp1254 actually) to copy filtered resources, i.e. build is platform dependent!
2022-11-08 15:17:12,816 [Worker-28: Building] INFO  o.e.m.c.i.embedder.EclipseLogger - Copying 0 resource
2022-11-08 15:17:12,820 [Worker-28: Building] WARN  o.e.m.c.i.embedder.EclipseLogger - Using platform encoding (Cp1254 actually) to copy filtered resources, i.e. build is platform dependent!
2022-11-08 15:17:12,821 [Worker-28: Building] INFO  o.e.m.c.i.embedder.EclipseLogger - Copying 0 resource
2022-11-08 15:17:18,552 [Worker-28: Building] WARN  o.e.m.c.i.embedder.EclipseLogger - Using platform encoding (Cp1254 actually) to copy filtered resources, i.e. build is platform dependent!
2022-11-08 15:17:18,554 [Worker-28: Building] INFO  o.e.m.c.i.embedder.EclipseLogger - Copying 0 resource
2022-11-08 15:17:18,556 [Worker-28: Building] WARN  o.e.m.c.i.embedder.EclipseLogger - Using platform encoding (Cp1254 actually) to copy filtered resources, i.e. build is platform dependent!
2022-11-08 15:17:18,558 [Worker-28: Building] INFO  o.e.m.c.i.embedder.EclipseLogger - Copying 0 resource
2022-11-08 15:48:06,792 [Worker-20: Building] WARN  o.e.m.c.i.embedder.EclipseLogger - Using platform encoding (Cp1254 actually) to copy filtered resources, i.e. build is platform dependent!
2022-11-08 15:48:06,794 [Worker-20: Building] INFO  o.e.m.c.i.embedder.EclipseLogger - Copying 0 resource
2022-11-08 15:48:06,796 [Worker-20: Building] WARN  o.e.m.c.i.embedder.EclipseLogger - Using platform encoding (Cp1254 actually) to copy filtered resources, i.e. build is platform dependent!
2022-11-08 15:48:06,797 [Worker-20: Building] INFO  o.e.m.c.i.embedder.EclipseLogger - Copying 0 resource
2022-11-08 15:48:07,814 [Worker-31: Building] WARN  o.e.m.c.i.embedder.EclipseLogger - Using platform encoding (Cp1254 actually) to copy filtered resources, i.e. build is platform dependent!
2022-11-08 15:48:07,817 [Worker-31: Building] INFO  o.e.m.c.i.embedder.EclipseLogger - Copying 0 resource
2022-11-08 15:48:07,819 [Worker-31: Building] WARN  o.e.m.c.i.embedder.EclipseLogger - Using platform encoding (Cp1254 actually) to copy filtered resources, i.e. build is platform dependent!
2022-11-08 15:48:07,821 [Worker-31: Building] INFO  o.e.m.c.i.embedder.EclipseLogger - Copying 0 resource
2022-11-08 16:00:08,809 [Worker-3: Loading available Gradle versions] INFO  o.e.b.c.i.u.g.PublishedGradleVersions - Gradle version information cache is up-to-date. Trying to read.
2022-11-08 16:00:11,550 [Worker-7: Building] WARN  o.e.m.c.i.embedder.EclipseLogger - Using platform encoding (Cp1254 actually) to copy filtered resources, i.e. build is platform dependent!
2022-11-08 16:00:11,576 [Worker-7: Building] INFO  o.e.m.c.i.embedder.EclipseLogger - Copying 0 resource
2022-11-08 16:00:11,586 [Worker-7: Building] WARN  o.e.m.c.i.embedder.EclipseLogger - Using platform encoding (Cp1254 actually) to copy filtered resources, i.e. build is platform dependent!
2022-11-08 16:00:11,589 [Worker-7: Building] INFO  o.e.m.c.i.embedder.EclipseLogger - Copying 0 resource
2022-11-08 16:00:45,409 [Worker-6: Creating project "jpareal"] INFO  o.e.m.c.i.l.LifecycleMappingFactory - Using org.eclipse.m2e.jdt.JarLifecycleMapping lifecycle mapping for MavenProject: com.godoro:jpareal:0.0.1-SNAPSHOT @ C:\Users\Sabri\Desktop\udemy-course\java-orm-jpa-hibernate\jpareal\pom.xml.
2022-11-08 16:00:45,814 [Worker-6: Creating project "jpareal"] INFO  o.e.m.j.i.AbstractJavaProjectConfigurator - Adding source folder /jpareal/src/main/java
2022-11-08 16:00:45,817 [Worker-6: Creating project "jpareal"] INFO  o.e.m.j.i.AbstractJavaProjectConfigurator - Adding resource folder /jpareal/src/main/resources
2022-11-08 16:00:45,819 [Worker-6: Creating project "jpareal"] INFO  o.e.m.j.i.AbstractJavaProjectConfigurator - Adding source folder /jpareal/src/test/java
2022-11-08 16:00:45,820 [Worker-6: Creating project "jpareal"] INFO  o.e.m.j.i.AbstractJavaProjectConfigurator - Adding resource folder /jpareal/src/test/resources
2022-11-08 16:00:46,449 [Worker-20: Building] WARN  o.e.m.c.i.embedder.EclipseLogger - Using platform encoding (Cp1254 actually) to copy filtered resources, i.e. build is platform dependent!
2022-11-08 16:00:46,454 [Worker-20: Building] INFO  o.e.m.c.i.embedder.EclipseLogger - Copying 0 resource
2022-11-08 16:00:46,458 [Worker-20: Building] WARN  o.e.m.c.i.embedder.EclipseLogger - Using platform encoding (Cp1254 actually) to copy filtered resources, i.e. build is platform dependent!
2022-11-08 16:00:46,461 [Worker-20: Building] INFO  o.e.m.c.i.embedder.EclipseLogger - Copying 0 resource
2022-11-08 16:01:17,385 [Worker-1: Building] WARN  o.e.m.c.i.embedder.EclipseLogger - Using platform encoding (Cp1254 actually) to copy filtered resources, i.e. build is platform dependent!
2022-11-08 16:01:17,414 [Worker-1: Building] INFO  o.e.m.c.i.embedder.EclipseLogger - Copying 0 resource
2022-11-08 16:01:17,417 [Worker-1: Building] WARN  o.e.m.c.i.embedder.EclipseLogger - Using platform encoding (Cp1254 actually) to copy filtered resources, i.e. build is platform dependent!
2022-11-08 16:01:17,419 [Worker-1: Building] INFO  o.e.m.c.i.embedder.EclipseLogger - Copying 0 resource
2022-11-08 16:01:29,475 [Worker-7: Building] WARN  o.e.m.c.i.embedder.EclipseLogger - Using platform encoding (Cp1254 actually) to copy filtered resources, i.e. build is platform dependent!
2022-11-08 16:01:29,479 [Worker-7: Building] INFO  o.e.m.c.i.embedder.EclipseLogger - Copying 0 resource
2022-11-08 16:01:29,484 [Worker-7: Building] WARN  o.e.m.c.i.embedder.EclipseLogger - Using platform encoding (Cp1254 actually) to copy filtered resources, i.e. build is platform dependent!
2022-11-08 16:01:29,487 [Worker-7: Building] INFO  o.e.m.c.i.embedder.EclipseLogger - Copying 0 resource
2022-11-08 16:01:47,924 [Worker-18: Building] WARN  o.e.m.c.i.embedder.EclipseLogger - Using platform encoding (Cp1254 actually) to copy filtered resources, i.e. build is platform dependent!
2022-11-08 16:01:47,928 [Worker-18: Building] INFO  o.e.m.c.i.embedder.EclipseLogger - Copying 0 resource
2022-11-08 16:01:47,932 [Worker-18: Building] WARN  o.e.m.c.i.embedder.EclipseLogger - Using platform encoding (Cp1254 actually) to copy filtered resources, i.e. build is platform dependent!
2022-11-08 16:01:47,934 [Worker-18: Building] INFO  o.e.m.c.i.embedder.EclipseLogger - Copying 0 resource
2022-11-08 16:03:21,823 [Worker-13: Building] INFO  o.e.m.c.i.l.LifecycleMappingFactory - Using org.eclipse.m2e.jdt.JarLifecycleMapping lifecycle mapping for MavenProject: com.godoro:jpareal:0.0.1-SNAPSHOT @ C:\Users\Sabri\Desktop\udemy-course\java-orm-jpa-hibernate\jpareal\pom.xml.
2022-11-08 16:03:22,303 [Worker-13: Building] WARN  o.e.m.c.i.embedder.EclipseLogger - Using platform encoding (Cp1254 actually) to copy filtered resources, i.e. build is platform dependent!
2022-11-08 16:03:22,306 [Worker-13: Building] INFO  o.e.m.c.i.embedder.EclipseLogger - Copying 0 resource
2022-11-08 16:03:22,311 [Worker-13: Building] WARN  o.e.m.c.i.embedder.EclipseLogger - Using platform encoding (Cp1254 actually) to copy filtered resources, i.e. build is platform dependent!
2022-11-08 16:03:22,315 [Worker-13: Building] INFO  o.e.m.c.i.embedder.EclipseLogger - Copying 0 resource
2022-11-08 16:03:23,714 [Worker-21: Building] WARN  o.e.m.c.i.embedder.EclipseLogger - Using platform encoding (Cp1254 actually) to copy filtered resources, i.e. build is platform dependent!
2022-11-08 16:03:23,719 [Worker-21: Building] INFO  o.e.m.c.i.embedder.EclipseLogger - Copying 0 resource
2022-11-08 16:03:23,724 [Worker-21: Building] WARN  o.e.m.c.i.embedder.EclipseLogger - Using platform encoding (Cp1254 actually) to copy filtered resources, i.e. build is platform dependent!
2022-11-08 16:03:23,728 [Worker-21: Building] INFO  o.e.m.c.i.embedder.EclipseLogger - Copying 0 resource
2022-11-08 16:03:55,197 [Worker-21: Building] WARN  o.e.m.c.i.embedder.EclipseLogger - Using platform encoding (Cp1254 actually) to copy filtered resources, i.e. build is platform dependent!
2022-11-08 16:03:55,200 [Worker-21: Building] INFO  o.e.m.c.i.embedder.EclipseLogger - Copying 0 resource
2022-11-08 16:03:55,207 [Worker-21: Building] WARN  o.e.m.c.i.embedder.EclipseLogger - Using platform encoding (Cp1254 actually) to copy filtered resources, i.e. build is platform dependent!
2022-11-08 16:03:55,211 [Worker-21: Building] INFO  o.e.m.c.i.embedder.EclipseLogger - Copying 0 resource
2022-11-08 16:04:07,865 [Worker-11: Building] WARN  o.e.m.c.i.embedder.EclipseLogger - Using platform encoding (Cp1254 actually) to copy filtered resources, i.e. build is platform dependent!
2022-11-08 16:04:07,869 [Worker-11: Building] INFO  o.e.m.c.i.embedder.EclipseLogger - Copying 0 resource
2022-11-08 16:04:07,873 [Worker-11: Building] WARN  o.e.m.c.i.embedder.EclipseLogger - Using platform encoding (Cp1254 actually) to copy filtered resources, i.e. build is platform dependent!
2022-11-08 16:04:07,876 [Worker-11: Building] INFO  o.e.m.c.i.embedder.EclipseLogger - Copying 0 resource
2022-11-08 16:04:07,941 [Worker-11: Building] WARN  o.e.m.c.i.embedder.EclipseLogger - Using platform encoding (Cp1254 actually) to copy filtered resources, i.e. build is platform dependent!
2022-11-08 16:04:07,944 [Worker-11: Building] INFO  o.e.m.c.i.embedder.EclipseLogger - Copying 0 resource
2022-11-08 16:04:07,947 [Worker-11: Building] WARN  o.e.m.c.i.embedder.EclipseLogger - Using platform encoding (Cp1254 actually) to copy filtered resources, i.e. build is platform dependent!
2022-11-08 16:04:07,950 [Worker-11: Building] INFO  o.e.m.c.i.embedder.EclipseLogger - Copying 0 resource
2022-11-08 16:04:16,415 [Worker-21: Building] WARN  o.e.m.c.i.embedder.EclipseLogger - Using platform encoding (Cp1254 actually) to copy filtered resources, i.e. build is platform dependent!
2022-11-08 16:04:16,419 [Worker-21: Building] INFO  o.e.m.c.i.embedder.EclipseLogger - Copying 0 resource
2022-11-08 16:04:16,422 [Worker-21: Building] WARN  o.e.m.c.i.embedder.EclipseLogger - Using platform encoding (Cp1254 actually) to copy filtered resources, i.e. build is platform dependent!
2022-11-08 16:04:16,425 [Worker-21: Building] INFO  o.e.m.c.i.embedder.EclipseLogger - Copying 0 resource
2022-11-08 16:05:56,251 [Worker-23: Building] WARN  o.e.m.c.i.embedder.EclipseLogger - Using platform encoding (Cp1254 actually) to copy filtered resources, i.e. build is platform dependent!
2022-11-08 16:05:56,255 [Worker-23: Building] INFO  o.e.m.c.i.embedder.EclipseLogger - Copying 0 resource
2022-11-08 16:05:56,259 [Worker-23: Building] WARN  o.e.m.c.i.embedder.EclipseLogger - Using platform encoding (Cp1254 actually) to copy filtered resources, i.e. build is platform dependent!
2022-11-08 16:05:56,262 [Worker-23: Building] INFO  o.e.m.c.i.embedder.EclipseLogger - Copying 0 resource
2022-11-08 16:06:47,213 [Worker-11: Building] WARN  o.e.m.c.i.embedder.EclipseLogger - Using platform encoding (Cp1254 actually) to copy filtered resources, i.e. build is platform dependent!
2022-11-08 16:06:47,217 [Worker-11: Building] INFO  o.e.m.c.i.embedder.EclipseLogger - Copying 0 resource
2022-11-08 16:06:47,220 [Worker-11: Building] WARN  o.e.m.c.i.embedder.EclipseLogger - Using platform encoding (Cp1254 actually) to copy filtered resources, i.e. build is platform dependent!
2022-11-08 16:06:47,223 [Worker-11: Building] INFO  o.e.m.c.i.embedder.EclipseLogger - Copying 0 resource
2022-11-08 16:10:43,528 [Worker-24: Building] WARN  o.e.m.c.i.embedder.EclipseLogger - Using platform encoding (Cp1254 actually) to copy filtered resources, i.e. build is platform dependent!
2022-11-08 16:10:43,529 [Worker-24: Building] INFO  o.e.m.c.i.embedder.EclipseLogger - Copying 0 resource
2022-11-08 16:10:43,530 [Worker-24: Building] WARN  o.e.m.c.i.embedder.EclipseLogger - Using platform encoding (Cp1254 actually) to copy filtered resources, i.e. build is platform dependent!
2022-11-08 16:10:43,532 [Worker-24: Building] INFO  o.e.m.c.i.embedder.EclipseLogger - Copying 0 resource
2022-11-08 16:11:33,123 [Worker-24: Building] WARN  o.e.m.c.i.embedder.EclipseLogger - Using platform encoding (Cp1254 actually) to copy filtered resources, i.e. build is platform dependent!
2022-11-08 16:11:33,126 [Worker-24: Building] INFO  o.e.m.c.i.embedder.EclipseLogger - Copying 0 resource
2022-11-08 16:11:33,127 [Worker-24: Building] WARN  o.e.m.c.i.embedder.EclipseLogger - Using platform encoding (Cp1254 actually) to copy filtered resources, i.e. build is platform dependent!
2022-11-08 16:11:33,129 [Worker-24: Building] INFO  o.e.m.c.i.embedder.EclipseLogger - Copying 0 resource
2022-11-08 16:14:16,778 [Worker-17: Building Workspace] WARN  o.e.m.c.i.embedder.EclipseLogger - Using platform encoding (Cp1254 actually) to copy filtered resources, i.e. build is platform dependent!
2022-11-08 16:14:16,779 [Worker-17: Building Workspace] INFO  o.e.m.c.i.embedder.EclipseLogger - Copying 0 resource
2022-11-08 16:14:16,782 [Worker-17: Building Workspace] WARN  o.e.m.c.i.embedder.EclipseLogger - Using platform encoding (Cp1254 actually) to copy filtered resources, i.e. build is platform dependent!
2022-11-08 16:14:16,784 [Worker-17: Building Workspace] INFO  o.e.m.c.i.embedder.EclipseLogger - Copying 0 resource
2022-11-08 16:15:08,589 [Worker-25: Building] WARN  o.e.m.c.i.embedder.EclipseLogger - Using platform encoding (Cp1254 actually) to copy filtered resources, i.e. build is platform dependent!
2022-11-08 16:15:08,591 [Worker-25: Building] INFO  o.e.m.c.i.embedder.EclipseLogger - Copying 0 resource
2022-11-08 16:15:08,593 [Worker-25: Building] WARN  o.e.m.c.i.embedder.EclipseLogger - Using platform encoding (Cp1254 actually) to copy filtered resources, i.e. build is platform dependent!
2022-11-08 16:15:08,594 [Worker-25: Building] INFO  o.e.m.c.i.embedder.EclipseLogger - Copying 0 resource
2022-11-08 16:16:50,880 [Worker-24: Building] WARN  o.e.m.c.i.embedder.EclipseLogger - Using platform encoding (Cp1254 actually) to copy filtered resources, i.e. build is platform dependent!
2022-11-08 16:16:50,881 [Worker-24: Building] INFO  o.e.m.c.i.embedder.EclipseLogger - Copying 0 resource
2022-11-08 16:16:50,883 [Worker-24: Building] WARN  o.e.m.c.i.embedder.EclipseLogger - Using platform encoding (Cp1254 actually) to copy filtered resources, i.e. build is platform dependent!
2022-11-08 16:16:50,884 [Worker-24: Building] INFO  o.e.m.c.i.embedder.EclipseLogger - Copying 0 resource
2022-11-08 16:30:30,988 [Worker-31: Building] WARN  o.e.m.c.i.embedder.EclipseLogger - Using platform encoding (Cp1254 actually) to copy filtered resources, i.e. build is platform dependent!
2022-11-08 16:30:30,990 [Worker-31: Building] INFO  o.e.m.c.i.embedder.EclipseLogger - Copying 0 resource
2022-11-08 16:30:30,992 [Worker-31: Building] WARN  o.e.m.c.i.embedder.EclipseLogger - Using platform encoding (Cp1254 actually) to copy filtered resources, i.e. build is platform dependent!
2022-11-08 16:30:30,993 [Worker-31: Building] INFO  o.e.m.c.i.embedder.EclipseLogger - Copying 0 resource
2022-11-09 13:57:47,399 [Worker-1: Loading available Gradle versions] INFO  o.e.b.c.i.u.g.PublishedGradleVersions - Gradle version information cache is up-to-date. Trying to read.
2022-11-09 13:57:50,260 [Worker-0: Building] WARN  o.e.m.c.i.embedder.EclipseLogger - Using platform encoding (Cp1254 actually) to copy filtered resources, i.e. build is platform dependent!
2022-11-09 13:57:50,272 [Worker-0: Building] INFO  o.e.m.c.i.embedder.EclipseLogger - Copying 0 resource
2022-11-09 13:57:50,276 [Worker-0: Building] WARN  o.e.m.c.i.embedder.EclipseLogger - Using platform encoding (Cp1254 actually) to copy filtered resources, i.e. build is platform dependent!
2022-11-09 13:57:50,278 [Worker-0: Building] INFO  o.e.m.c.i.embedder.EclipseLogger - Copying 0 resource
2022-11-09 14:20:44,724 [Worker-21: Creating project "jpaembed"] INFO  o.e.m.c.i.l.LifecycleMappingFactory - Using org.eclipse.m2e.jdt.JarLifecycleMapping lifecycle mapping for MavenProject: com.godoro:jpaembed:0.0.1-SNAPSHOT @ C:\Users\Sabri\Desktop\udemy-course\java-orm-jpa-hibernate\jpaembed\pom.xml.
2022-11-09 14:20:44,917 [Worker-21: Creating project "jpaembed"] INFO  o.e.m.j.i.AbstractJavaProjectConfigurator - Adding source folder /jpaembed/src/main/java
2022-11-09 14:20:44,919 [Worker-21: Creating project "jpaembed"] INFO  o.e.m.j.i.AbstractJavaProjectConfigurator - Adding resource folder /jpaembed/src/main/resources
2022-11-09 14:20:44,920 [Worker-21: Creating project "jpaembed"] INFO  o.e.m.j.i.AbstractJavaProjectConfigurator - Adding source folder /jpaembed/src/test/java
2022-11-09 14:20:44,921 [Worker-21: Creating project "jpaembed"] INFO  o.e.m.j.i.AbstractJavaProjectConfigurator - Adding resource folder /jpaembed/src/test/resources
2022-11-09 14:20:45,641 [Worker-23: Building] WARN  o.e.m.c.i.embedder.EclipseLogger - Using platform encoding (Cp1254 actually) to copy filtered resources, i.e. build is platform dependent!
2022-11-09 14:20:45,643 [Worker-23: Building] INFO  o.e.m.c.i.embedder.EclipseLogger - Copying 0 resource
2022-11-09 14:20:45,645 [Worker-23: Building] WARN  o.e.m.c.i.embedder.EclipseLogger - Using platform encoding (Cp1254 actually) to copy filtered resources, i.e. build is platform dependent!
2022-11-09 14:20:45,646 [Worker-23: Building] INFO  o.e.m.c.i.embedder.EclipseLogger - Copying 0 resource
2022-11-09 14:21:30,604 [Worker-23: Building] WARN  o.e.m.c.i.embedder.EclipseLogger - Using platform encoding (Cp1254 actually) to copy filtered resources, i.e. build is platform dependent!
2022-11-09 14:21:30,608 [Worker-23: Building] INFO  o.e.m.c.i.embedder.EclipseLogger - Copying 0 resource
2022-11-09 14:21:30,610 [Worker-23: Building] WARN  o.e.m.c.i.embedder.EclipseLogger - Using platform encoding (Cp1254 actually) to copy filtered resources, i.e. build is platform dependent!
2022-11-09 14:21:30,611 [Worker-23: Building] INFO  o.e.m.c.i.embedder.EclipseLogger - Copying 0 resource
2022-11-09 14:21:43,663 [Worker-23: Building] WARN  o.e.m.c.i.embedder.EclipseLogger - Using platform encoding (Cp1254 actually) to copy filtered resources, i.e. build is platform dependent!
2022-11-09 14:21:43,664 [Worker-23: Building] INFO  o.e.m.c.i.embedder.EclipseLogger - Copying 0 resource
2022-11-09 14:21:43,666 [Worker-23: Building] WARN  o.e.m.c.i.embedder.EclipseLogger - Using platform encoding (Cp1254 actually) to copy filtered resources, i.e. build is platform dependent!
2022-11-09 14:21:43,667 [Worker-23: Building] INFO  o.e.m.c.i.embedder.EclipseLogger - Copying 0 resource
2022-11-09 14:21:57,696 [Worker-16: Building] WARN  o.e.m.c.i.embedder.EclipseLogger - Using platform encoding (Cp1254 actually) to copy filtered resources, i.e. build is platform dependent!
2022-11-09 14:21:57,699 [Worker-16: Building] INFO  o.e.m.c.i.embedder.EclipseLogger - Copying 0 resource
2022-11-09 14:21:57,701 [Worker-16: Building] WARN  o.e.m.c.i.embedder.EclipseLogger - Using platform encoding (Cp1254 actually) to copy filtered resources, i.e. build is platform dependent!
2022-11-09 14:21:57,703 [Worker-16: Building] INFO  o.e.m.c.i.embedder.EclipseLogger - Copying 0 resource
2022-11-09 14:24:25,698 [Worker-25: Building] INFO  o.e.m.c.i.l.LifecycleMappingFactory - Using org.eclipse.m2e.jdt.JarLifecycleMapping lifecycle mapping for MavenProject: com.godoro:jpaembed:0.0.1-SNAPSHOT @ C:\Users\Sabri\Desktop\udemy-course\java-orm-jpa-hibernate\jpaembed\pom.xml.
2022-11-09 14:24:25,875 [Worker-25: Building] WARN  o.e.m.c.i.embedder.EclipseLogger - Using platform encoding (Cp1254 actually) to copy filtered resources, i.e. build is platform dependent!
2022-11-09 14:24:25,876 [Worker-25: Building] INFO  o.e.m.c.i.embedder.EclipseLogger - Copying 0 resource
2022-11-09 14:24:25,878 [Worker-25: Building] WARN  o.e.m.c.i.embedder.EclipseLogger - Using platform encoding (Cp1254 actually) to copy filtered resources, i.e. build is platform dependent!
2022-11-09 14:24:25,879 [Worker-25: Building] INFO  o.e.m.c.i.embedder.EclipseLogger - Copying 0 resource
2022-11-09 14:24:26,088 [Worker-16: Building] WARN  o.e.m.c.i.embedder.EclipseLogger - Using platform encoding (Cp1254 actually) to copy filtered resources, i.e. build is platform dependent!
2022-11-09 14:24:26,090 [Worker-16: Building] INFO  o.e.m.c.i.embedder.EclipseLogger - Copying 0 resource
2022-11-09 14:24:26,091 [Worker-16: Building] WARN  o.e.m.c.i.embedder.EclipseLogger - Using platform encoding (Cp1254 actually) to copy filtered resources, i.e. build is platform dependent!
2022-11-09 14:24:26,092 [Worker-16: Building] INFO  o.e.m.c.i.embedder.EclipseLogger - Copying 0 resource
2022-11-09 14:24:57,966 [Worker-21: Building] WARN  o.e.m.c.i.embedder.EclipseLogger - Using platform encoding (Cp1254 actually) to copy filtered resources, i.e. build is platform dependent!
2022-11-09 14:24:57,968 [Worker-21: Building] INFO  o.e.m.c.i.embedder.EclipseLogger - Copying 0 resource
2022-11-09 14:24:57,973 [Worker-21: Building] WARN  o.e.m.c.i.embedder.EclipseLogger - Using platform encoding (Cp1254 actually) to copy filtered resources, i.e. build is platform dependent!
2022-11-09 14:24:57,974 [Worker-21: Building] INFO  o.e.m.c.i.embedder.EclipseLogger - Copying 0 resource
2022-11-09 14:25:12,743 [Worker-25: Building] WARN  o.e.m.c.i.embedder.EclipseLogger - Using platform encoding (Cp1254 actually) to copy filtered resources, i.e. build is platform dependent!
2022-11-09 14:25:12,745 [Worker-25: Building] INFO  o.e.m.c.i.embedder.EclipseLogger - Copying 0 resource
2022-11-09 14:25:12,746 [Worker-25: Building] WARN  o.e.m.c.i.embedder.EclipseLogger - Using platform encoding (Cp1254 actually) to copy filtered resources, i.e. build is platform dependent!
2022-11-09 14:25:12,747 [Worker-25: Building] INFO  o.e.m.c.i.embedder.EclipseLogger - Copying 0 resource
2022-11-09 14:25:30,154 [Worker-25: Building] WARN  o.e.m.c.i.embedder.EclipseLogger - Using platform encoding (Cp1254 actually) to copy filtered resources, i.e. build is platform dependent!
2022-11-09 14:25:30,155 [Worker-25: Building] INFO  o.e.m.c.i.embedder.EclipseLogger - Copying 0 resource
2022-11-09 14:25:30,157 [Worker-25: Building] WARN  o.e.m.c.i.embedder.EclipseLogger - Using platform encoding (Cp1254 actually) to copy filtered resources, i.e. build is platform dependent!
2022-11-09 14:25:30,158 [Worker-25: Building] INFO  o.e.m.c.i.embedder.EclipseLogger - Copying 0 resource
2022-11-09 14:25:56,724 [Worker-16: Building] WARN  o.e.m.c.i.embedder.EclipseLogger - Using platform encoding (Cp1254 actually) to copy filtered resources, i.e. build is platform dependent!
2022-11-09 14:25:56,726 [Worker-16: Building] INFO  o.e.m.c.i.embedder.EclipseLogger - Copying 0 resource
2022-11-09 14:25:56,727 [Worker-16: Building] WARN  o.e.m.c.i.embedder.EclipseLogger - Using platform encoding (Cp1254 actually) to copy filtered resources, i.e. build is platform dependent!
2022-11-09 14:25:56,728 [Worker-16: Building] INFO  o.e.m.c.i.embedder.EclipseLogger - Copying 0 resource
2022-11-09 14:28:07,503 [Worker-16: Building] WARN  o.e.m.c.i.embedder.EclipseLogger - Using platform encoding (Cp1254 actually) to copy filtered resources, i.e. build is platform dependent!
2022-11-09 14:28:07,504 [Worker-16: Building] INFO  o.e.m.c.i.embedder.EclipseLogger - Copying 0 resource
2022-11-09 14:28:07,508 [Worker-16: Building] WARN  o.e.m.c.i.embedder.EclipseLogger - Using platform encoding (Cp1254 actually) to copy filtered resources, i.e. build is platform dependent!
2022-11-09 14:28:07,509 [Worker-16: Building] INFO  o.e.m.c.i.embedder.EclipseLogger - Copying 0 resource
2022-11-09 14:28:29,588 [Worker-25: Building] WARN  o.e.m.c.i.embedder.EclipseLogger - Using platform encoding (Cp1254 actually) to copy filtered resources, i.e. build is platform dependent!
2022-11-09 14:28:29,590 [Worker-25: Building] INFO  o.e.m.c.i.embedder.EclipseLogger - Copying 0 resource
2022-11-09 14:28:29,591 [Worker-25: Building] WARN  o.e.m.c.i.embedder.EclipseLogger - Using platform encoding (Cp1254 actually) to copy filtered resources, i.e. build is platform dependent!
2022-11-09 14:28:29,593 [Worker-25: Building] INFO  o.e.m.c.i.embedder.EclipseLogger - Copying 0 resource
2022-11-09 14:28:44,141 [Worker-16: Building] WARN  o.e.m.c.i.embedder.EclipseLogger - Using platform encoding (Cp1254 actually) to copy filtered resources, i.e. build is platform dependent!
2022-11-09 14:28:44,142 [Worker-16: Building] INFO  o.e.m.c.i.embedder.EclipseLogger - Copying 0 resource
2022-11-09 14:28:44,144 [Worker-16: Building] WARN  o.e.m.c.i.embedder.EclipseLogger - Using platform encoding (Cp1254 actually) to copy filtered resources, i.e. build is platform dependent!
2022-11-09 14:28:44,146 [Worker-16: Building] INFO  o.e.m.c.i.embedder.EclipseLogger - Copying 0 resource
2022-11-09 14:29:29,365 [Worker-25: Building] WARN  o.e.m.c.i.embedder.EclipseLogger - Using platform encoding (Cp1254 actually) to copy filtered resources, i.e. build is platform dependent!
2022-11-09 14:29:29,366 [Worker-25: Building] INFO  o.e.m.c.i.embedder.EclipseLogger - Copying 0 resource
2022-11-09 14:29:29,368 [Worker-25: Building] WARN  o.e.m.c.i.embedder.EclipseLogger - Using platform encoding (Cp1254 actually) to copy filtered resources, i.e. build is platform dependent!
2022-11-09 14:29:29,370 [Worker-25: Building] INFO  o.e.m.c.i.embedder.EclipseLogger - Copying 0 resource
2022-11-09 14:31:17,830 [Worker-31: Building] WARN  o.e.m.c.i.embedder.EclipseLogger - Using platform encoding (Cp1254 actually) to copy filtered resources, i.e. build is platform dependent!
2022-11-09 14:31:17,832 [Worker-31: Building] INFO  o.e.m.c.i.embedder.EclipseLogger - Copying 0 resource
2022-11-09 14:31:17,834 [Worker-31: Building] WARN  o.e.m.c.i.embedder.EclipseLogger - Using platform encoding (Cp1254 actually) to copy filtered resources, i.e. build is platform dependent!
2022-11-09 14:31:17,836 [Worker-31: Building] INFO  o.e.m.c.i.embedder.EclipseLogger - Copying 0 resource
2022-11-09 14:31:39,061 [Worker-32: Building] WARN  o.e.m.c.i.embedder.EclipseLogger - Using platform encoding (Cp1254 actually) to copy filtered resources, i.e. build is platform dependent!
2022-11-09 14:31:39,062 [Worker-32: Building] INFO  o.e.m.c.i.embedder.EclipseLogger - Copying 0 resource
2022-11-09 14:31:39,064 [Worker-32: Building] WARN  o.e.m.c.i.embedder.EclipseLogger - Using platform encoding (Cp1254 actually) to copy filtered resources, i.e. build is platform dependent!
2022-11-09 14:31:39,066 [Worker-32: Building] INFO  o.e.m.c.i.embedder.EclipseLogger - Copying 0 resource
2022-11-09 14:31:54,667 [Worker-25: Building] WARN  o.e.m.c.i.embedder.EclipseLogger - Using platform encoding (Cp1254 actually) to copy filtered resources, i.e. build is platform dependent!
2022-11-09 14:31:54,670 [Worker-25: Building] INFO  o.e.m.c.i.embedder.EclipseLogger - Copying 0 resource
2022-11-09 14:31:54,671 [Worker-25: Building] WARN  o.e.m.c.i.embedder.EclipseLogger - Using platform encoding (Cp1254 actually) to copy filtered resources, i.e. build is platform dependent!
2022-11-09 14:31:54,672 [Worker-25: Building] INFO  o.e.m.c.i.embedder.EclipseLogger - Copying 0 resource
2022-11-09 14:31:59,175 [Worker-31: Building] WARN  o.e.m.c.i.embedder.EclipseLogger - Using platform encoding (Cp1254 actually) to copy filtered resources, i.e. build is platform dependent!
2022-11-09 14:31:59,177 [Worker-31: Building] INFO  o.e.m.c.i.embedder.EclipseLogger - Copying 0 resource
2022-11-09 14:31:59,180 [Worker-31: Building] WARN  o.e.m.c.i.embedder.EclipseLogger - Using platform encoding (Cp1254 actually) to copy filtered resources, i.e. build is platform dependent!
2022-11-09 14:31:59,182 [Worker-31: Building] INFO  o.e.m.c.i.embedder.EclipseLogger - Copying 0 resource
2022-11-09 14:47:52,246 [Worker-37: Building] WARN  o.e.m.c.i.embedder.EclipseLogger - Using platform encoding (Cp1254 actually) to copy filtered resources, i.e. build is platform dependent!
2022-11-09 14:47:52,248 [Worker-37: Building] INFO  o.e.m.c.i.embedder.EclipseLogger - Copying 0 resource
2022-11-09 14:47:52,249 [Worker-37: Building] WARN  o.e.m.c.i.embedder.EclipseLogger - Using platform encoding (Cp1254 actually) to copy filtered resources, i.e. build is platform dependent!
2022-11-09 14:47:52,250 [Worker-37: Building] INFO  o.e.m.c.i.embedder.EclipseLogger - Copying 0 resource
2022-11-09 14:59:48,993 [Worker-36: Building] WARN  o.e.m.c.i.embedder.EclipseLogger - Using platform encoding (Cp1254 actually) to copy filtered resources, i.e. build is platform dependent!
2022-11-09 14:59:48,995 [Worker-36: Building] INFO  o.e.m.c.i.embedder.EclipseLogger - Copying 0 resource
2022-11-09 14:59:48,996 [Worker-36: Building] WARN  o.e.m.c.i.embedder.EclipseLogger - Using platform encoding (Cp1254 actually) to copy filtered resources, i.e. build is platform dependent!
2022-11-09 14:59:48,999 [Worker-36: Building] INFO  o.e.m.c.i.embedder.EclipseLogger - Copying 0 resource
2022-11-09 18:43:25,946 [Worker-45: Building] WARN  o.e.m.c.i.embedder.EclipseLogger - Using platform encoding (Cp1254 actually) to copy filtered resources, i.e. build is platform dependent!
2022-11-09 18:43:25,949 [Worker-45: Building] INFO  o.e.m.c.i.embedder.EclipseLogger - Copying 0 resource
2022-11-09 18:43:25,951 [Worker-45: Building] WARN  o.e.m.c.i.embedder.EclipseLogger - Using platform encoding (Cp1254 actually) to copy filtered resources, i.e. build is platform dependent!
2022-11-09 18:43:25,952 [Worker-45: Building] INFO  o.e.m.c.i.embedder.EclipseLogger - Copying 0 resource
2022-11-10 11:17:24,306 [Worker-6: Loading available Gradle versions] INFO  o.e.b.c.i.u.g.PublishedGradleVersions - Gradle version information cache is up-to-date. Trying to read.
2022-11-10 11:17:32,534 [Worker-7: Building] WARN  o.e.m.c.i.embedder.EclipseLogger - Using platform encoding (Cp1254 actually) to copy filtered resources, i.e. build is platform dependent!
2022-11-10 11:17:32,548 [Worker-7: Building] INFO  o.e.m.c.i.embedder.EclipseLogger - Copying 0 resource
2022-11-10 11:17:32,553 [Worker-7: Building] WARN  o.e.m.c.i.embedder.EclipseLogger - Using platform encoding (Cp1254 actually) to copy filtered resources, i.e. build is platform dependent!
2022-11-10 11:17:32,555 [Worker-7: Building] INFO  o.e.m.c.i.embedder.EclipseLogger - Copying 0 resource
2022-11-10 11:17:33,271 [Worker-10: Building] WARN  o.e.m.c.i.embedder.EclipseLogger - Using platform encoding (Cp1254 actually) to copy filtered resources, i.e. build is platform dependent!
2022-11-10 11:17:33,273 [Worker-10: Building] INFO  o.e.m.c.i.embedder.EclipseLogger - Copying 0 resource
2022-11-10 11:17:33,275 [Worker-10: Building] WARN  o.e.m.c.i.embedder.EclipseLogger - Using platform encoding (Cp1254 actually) to copy filtered resources, i.e. build is platform dependent!
2022-11-10 11:17:33,276 [Worker-10: Building] INFO  o.e.m.c.i.embedder.EclipseLogger - Copying 0 resource
2022-11-10 11:19:22,956 [Worker-10: Creating project "jpainherit"] INFO  o.e.m.c.i.l.LifecycleMappingFactory - Using org.eclipse.m2e.jdt.JarLifecycleMapping lifecycle mapping for MavenProject: com.godoro:jpainherit:0.0.1-SNAPSHOT @ C:\Users\Sabri\Desktop\udemy-course\java-orm-jpa-hibernate\jpainherit\pom.xml.
2022-11-10 11:19:23,124 [Worker-10: Creating project "jpainherit"] INFO  o.e.m.j.i.AbstractJavaProjectConfigurator - Adding source folder /jpainherit/src/main/java
2022-11-10 11:19:23,125 [Worker-10: Creating project "jpainherit"] INFO  o.e.m.j.i.AbstractJavaProjectConfigurator - Adding resource folder /jpainherit/src/main/resources
2022-11-10 11:19:23,126 [Worker-10: Creating project "jpainherit"] INFO  o.e.m.j.i.AbstractJavaProjectConfigurator - Adding source folder /jpainherit/src/test/java
2022-11-10 11:19:23,127 [Worker-10: Creating project "jpainherit"] INFO  o.e.m.j.i.AbstractJavaProjectConfigurator - Adding resource folder /jpainherit/src/test/resources
2022-11-10 11:19:23,607 [Worker-22: Building] WARN  o.e.m.c.i.embedder.EclipseLogger - Using platform encoding (Cp1254 actually) to copy filtered resources, i.e. build is platform dependent!
2022-11-10 11:19:23,609 [Worker-22: Building] INFO  o.e.m.c.i.embedder.EclipseLogger - Copying 0 resource
2022-11-10 11:19:23,611 [Worker-22: Building] WARN  o.e.m.c.i.embedder.EclipseLogger - Using platform encoding (Cp1254 actually) to copy filtered resources, i.e. build is platform dependent!
2022-11-10 11:19:23,612 [Worker-22: Building] INFO  o.e.m.c.i.embedder.EclipseLogger - Copying 0 resource
2022-11-10 11:19:42,032 [Worker-21: Building] WARN  o.e.m.c.i.embedder.EclipseLogger - Using platform encoding (Cp1254 actually) to copy filtered resources, i.e. build is platform dependent!
2022-11-10 11:19:42,036 [Worker-21: Building] INFO  o.e.m.c.i.embedder.EclipseLogger - Copying 0 resource
2022-11-10 11:19:42,037 [Worker-21: Building] WARN  o.e.m.c.i.embedder.EclipseLogger - Using platform encoding (Cp1254 actually) to copy filtered resources, i.e. build is platform dependent!
2022-11-10 11:19:42,039 [Worker-21: Building] INFO  o.e.m.c.i.embedder.EclipseLogger - Copying 0 resource
2022-11-10 11:19:54,509 [Worker-22: Building] WARN  o.e.m.c.i.embedder.EclipseLogger - Using platform encoding (Cp1254 actually) to copy filtered resources, i.e. build is platform dependent!
2022-11-10 11:19:54,510 [Worker-22: Building] INFO  o.e.m.c.i.embedder.EclipseLogger - Copying 0 resource
2022-11-10 11:19:54,511 [Worker-22: Building] WARN  o.e.m.c.i.embedder.EclipseLogger - Using platform encoding (Cp1254 actually) to copy filtered resources, i.e. build is platform dependent!
2022-11-10 11:19:54,513 [Worker-22: Building] INFO  o.e.m.c.i.embedder.EclipseLogger - Copying 0 resource
2022-11-10 11:20:04,916 [Worker-23: Building] WARN  o.e.m.c.i.embedder.EclipseLogger - Using platform encoding (Cp1254 actually) to copy filtered resources, i.e. build is platform dependent!
2022-11-10 11:20:04,917 [Worker-23: Building] INFO  o.e.m.c.i.embedder.EclipseLogger - Copying 0 resource
2022-11-10 11:20:04,918 [Worker-23: Building] WARN  o.e.m.c.i.embedder.EclipseLogger - Using platform encoding (Cp1254 actually) to copy filtered resources, i.e. build is platform dependent!
2022-11-10 11:20:04,920 [Worker-23: Building] INFO  o.e.m.c.i.embedder.EclipseLogger - Copying 0 resource
2022-11-10 11:20:23,406 [Worker-22: Building] WARN  o.e.m.c.i.embedder.EclipseLogger - Using platform encoding (Cp1254 actually) to copy filtered resources, i.e. build is platform dependent!
2022-11-10 11:20:23,407 [Worker-22: Building] INFO  o.e.m.c.i.embedder.EclipseLogger - Copying 0 resource
2022-11-10 11:20:23,408 [Worker-22: Building] WARN  o.e.m.c.i.embedder.EclipseLogger - Using platform encoding (Cp1254 actually) to copy filtered resources, i.e. build is platform dependent!
2022-11-10 11:20:23,410 [Worker-22: Building] INFO  o.e.m.c.i.embedder.EclipseLogger - Copying 0 resource
2022-11-10 11:21:22,058 [Worker-23: Building] WARN  o.e.m.c.i.embedder.EclipseLogger - Using platform encoding (Cp1254 actually) to copy filtered resources, i.e. build is platform dependent!
2022-11-10 11:21:22,059 [Worker-23: Building] INFO  o.e.m.c.i.embedder.EclipseLogger - Copying 0 resource
2022-11-10 11:21:22,062 [Worker-23: Building] WARN  o.e.m.c.i.embedder.EclipseLogger - Using platform encoding (Cp1254 actually) to copy filtered resources, i.e. build is platform dependent!
2022-11-10 11:21:22,064 [Worker-23: Building] INFO  o.e.m.c.i.embedder.EclipseLogger - Copying 0 resource
2022-11-10 11:21:27,338 [Worker-22: Building] WARN  o.e.m.c.i.embedder.EclipseLogger - Using platform encoding (Cp1254 actually) to copy filtered resources, i.e. build is platform dependent!
2022-11-10 11:21:27,339 [Worker-22: Building] INFO  o.e.m.c.i.embedder.EclipseLogger - Copying 0 resource
2022-11-10 11:21:27,341 [Worker-22: Building] WARN  o.e.m.c.i.embedder.EclipseLogger - Using platform encoding (Cp1254 actually) to copy filtered resources, i.e. build is platform dependent!
2022-11-10 11:21:27,342 [Worker-22: Building] INFO  o.e.m.c.i.embedder.EclipseLogger - Copying 0 resource
2022-11-10 11:21:30,674 [Worker-21: Building] WARN  o.e.m.c.i.embedder.EclipseLogger - Using platform encoding (Cp1254 actually) to copy filtered resources, i.e. build is platform dependent!
2022-11-10 11:21:30,675 [Worker-21: Building] INFO  o.e.m.c.i.embedder.EclipseLogger - Copying 0 resource
2022-11-10 11:21:30,676 [Worker-21: Building] WARN  o.e.m.c.i.embedder.EclipseLogger - Using platform encoding (Cp1254 actually) to copy filtered resources, i.e. build is platform dependent!
2022-11-10 11:21:30,677 [Worker-21: Building] INFO  o.e.m.c.i.embedder.EclipseLogger - Copying 0 resource
2022-11-10 11:21:32,978 [Worker-20: Building] WARN  o.e.m.c.i.embedder.EclipseLogger - Using platform encoding (Cp1254 actually) to copy filtered resources, i.e. build is platform dependent!
2022-11-10 11:21:32,980 [Worker-20: Building] INFO  o.e.m.c.i.embedder.EclipseLogger - Copying 0 resource
2022-11-10 11:21:32,982 [Worker-20: Building] WARN  o.e.m.c.i.embedder.EclipseLogger - Using platform encoding (Cp1254 actually) to copy filtered resources, i.e. build is platform dependent!
2022-11-10 11:21:32,983 [Worker-20: Building] INFO  o.e.m.c.i.embedder.EclipseLogger - Copying 0 resource
2022-11-10 11:23:36,853 [Worker-10: Building] INFO  o.e.m.c.i.l.LifecycleMappingFactory - Using org.eclipse.m2e.jdt.JarLifecycleMapping lifecycle mapping for MavenProject: com.godoro:jpainherit:0.0.1-SNAPSHOT @ C:\Users\Sabri\Desktop\udemy-course\java-orm-jpa-hibernate\jpainherit\pom.xml.
2022-11-10 11:23:37,101 [Worker-10: Building] WARN  o.e.m.c.i.embedder.EclipseLogger - Using platform encoding (Cp1254 actually) to copy filtered resources, i.e. build is platform dependent!
2022-11-10 11:23:37,103 [Worker-10: Building] INFO  o.e.m.c.i.embedder.EclipseLogger - Copying 0 resource
2022-11-10 11:23:37,104 [Worker-10: Building] WARN  o.e.m.c.i.embedder.EclipseLogger - Using platform encoding (Cp1254 actually) to copy filtered resources, i.e. build is platform dependent!
2022-11-10 11:23:37,106 [Worker-10: Building] INFO  o.e.m.c.i.embedder.EclipseLogger - Copying 0 resource
2022-11-10 11:23:38,384 [Worker-23: Building] WARN  o.e.m.c.i.embedder.EclipseLogger - Using platform encoding (Cp1254 actually) to copy filtered resources, i.e. build is platform dependent!
2022-11-10 11:23:38,386 [Worker-23: Building] INFO  o.e.m.c.i.embedder.EclipseLogger - Copying 0 resource
2022-11-10 11:23:38,387 [Worker-23: Building] WARN  o.e.m.c.i.embedder.EclipseLogger - Using platform encoding (Cp1254 actually) to copy filtered resources, i.e. build is platform dependent!
2022-11-10 11:23:38,388 [Worker-23: Building] INFO  o.e.m.c.i.embedder.EclipseLogger - Copying 0 resource
2022-11-10 11:23:50,394 [Worker-3: Building] WARN  o.e.m.c.i.embedder.EclipseLogger - Using platform encoding (Cp1254 actually) to copy filtered resources, i.e. build is platform dependent!
2022-11-10 11:23:50,396 [Worker-3: Building] INFO  o.e.m.c.i.embedder.EclipseLogger - Copying 0 resource
2022-11-10 11:23:50,397 [Worker-3: Building] WARN  o.e.m.c.i.embedder.EclipseLogger - Using platform encoding (Cp1254 actually) to copy filtered resources, i.e. build is platform dependent!
2022-11-10 11:23:50,398 [Worker-3: Building] INFO  o.e.m.c.i.embedder.EclipseLogger - Copying 0 resource
2022-11-10 11:25:00,160 [Worker-3: Building] WARN  o.e.m.c.i.embedder.EclipseLogger - Using platform encoding (Cp1254 actually) to copy filtered resources, i.e. build is platform dependent!
2022-11-10 11:25:00,162 [Worker-3: Building] INFO  o.e.m.c.i.embedder.EclipseLogger - Copying 0 resource
2022-11-10 11:25:00,165 [Worker-3: Building] WARN  o.e.m.c.i.embedder.EclipseLogger - Using platform encoding (Cp1254 actually) to copy filtered resources, i.e. build is platform dependent!
2022-11-10 11:25:00,166 [Worker-3: Building] INFO  o.e.m.c.i.embedder.EclipseLogger - Copying 0 resource
2022-11-10 11:38:47,521 [Worker-21: Building] WARN  o.e.m.c.i.embedder.EclipseLogger - Using platform encoding (Cp1254 actually) to copy filtered resources, i.e. build is platform dependent!
2022-11-10 11:38:47,522 [Worker-21: Building] INFO  o.e.m.c.i.embedder.EclipseLogger - Copying 0 resource
2022-11-10 11:38:47,526 [Worker-21: Building] WARN  o.e.m.c.i.embedder.EclipseLogger - Using platform encoding (Cp1254 actually) to copy filtered resources, i.e. build is platform dependent!
2022-11-10 11:38:47,528 [Worker-21: Building] INFO  o.e.m.c.i.embedder.EclipseLogger - Copying 0 resource
2022-11-10 11:38:48,613 [Worker-26: Building] WARN  o.e.m.c.i.embedder.EclipseLogger - Using platform encoding (Cp1254 actually) to copy filtered resources, i.e. build is platform dependent!
2022-11-10 11:38:48,614 [Worker-26: Building] INFO  o.e.m.c.i.embedder.EclipseLogger - Copying 0 resource
2022-11-10 11:38:48,617 [Worker-26: Building] WARN  o.e.m.c.i.embedder.EclipseLogger - Using platform encoding (Cp1254 actually) to copy filtered resources, i.e. build is platform dependent!
2022-11-10 11:38:48,619 [Worker-26: Building] INFO  o.e.m.c.i.embedder.EclipseLogger - Copying 0 resource
2022-11-10 13:02:00,109 [Worker-27: Building] WARN  o.e.m.c.i.embedder.EclipseLogger - Using platform encoding (Cp1254 actually) to copy filtered resources, i.e. build is platform dependent!
2022-11-10 13:02:00,111 [Worker-27: Building] INFO  o.e.m.c.i.embedder.EclipseLogger - Copying 0 resource
2022-11-10 13:02:00,115 [Worker-27: Building] WARN  o.e.m.c.i.embedder.EclipseLogger - Using platform encoding (Cp1254 actually) to copy filtered resources, i.e. build is platform dependent!
2022-11-10 13:02:00,117 [Worker-27: Building] INFO  o.e.m.c.i.embedder.EclipseLogger - Copying 0 resource
2022-11-10 13:48:22,324 [Worker-34: Building] WARN  o.e.m.c.i.embedder.EclipseLogger - Using platform encoding (Cp1254 actually) to copy filtered resources, i.e. build is platform dependent!
2022-11-10 13:48:22,326 [Worker-34: Building] INFO  o.e.m.c.i.embedder.EclipseLogger - Copying 0 resource
2022-11-10 13:48:22,328 [Worker-34: Building] WARN  o.e.m.c.i.embedder.EclipseLogger - Using platform encoding (Cp1254 actually) to copy filtered resources, i.e. build is platform dependent!
2022-11-10 13:48:22,329 [Worker-34: Building] INFO  o.e.m.c.i.embedder.EclipseLogger - Copying 0 resource
2022-11-10 13:49:46,066 [Worker-32: Creating project "jpalife"] INFO  o.e.m.c.i.l.LifecycleMappingFactory - Using org.eclipse.m2e.jdt.JarLifecycleMapping lifecycle mapping for MavenProject: com.godoro:jpalife:0.0.1-SNAPSHOT @ C:\Users\Sabri\Desktop\udemy-course\java-orm-jpa-hibernate\jpalife\pom.xml.
2022-11-10 13:49:46,184 [Worker-32: Creating project "jpalife"] INFO  o.e.m.j.i.AbstractJavaProjectConfigurator - Adding source folder /jpalife/src/main/java
2022-11-10 13:49:46,185 [Worker-32: Creating project "jpalife"] INFO  o.e.m.j.i.AbstractJavaProjectConfigurator - Adding resource folder /jpalife/src/main/resources
2022-11-10 13:49:46,185 [Worker-32: Creating project "jpalife"] INFO  o.e.m.j.i.AbstractJavaProjectConfigurator - Adding source folder /jpalife/src/test/java
2022-11-10 13:49:46,185 [Worker-32: Creating project "jpalife"] INFO  o.e.m.j.i.AbstractJavaProjectConfigurator - Adding resource folder /jpalife/src/test/resources
2022-11-10 13:49:46,535 [Worker-35: Building] WARN  o.e.m.c.i.embedder.EclipseLogger - Using platform encoding (Cp1254 actually) to copy filtered resources, i.e. build is platform dependent!
2022-11-10 13:49:46,537 [Worker-35: Building] INFO  o.e.m.c.i.embedder.EclipseLogger - Copying 0 resource
2022-11-10 13:49:46,538 [Worker-35: Building] WARN  o.e.m.c.i.embedder.EclipseLogger - Using platform encoding (Cp1254 actually) to copy filtered resources, i.e. build is platform dependent!
2022-11-10 13:49:46,539 [Worker-35: Building] INFO  o.e.m.c.i.embedder.EclipseLogger - Copying 0 resource
2022-11-10 13:50:19,806 [Worker-27: Building] INFO  o.e.m.c.i.l.LifecycleMappingFactory - Using org.eclipse.m2e.jdt.JarLifecycleMapping lifecycle mapping for MavenProject: com.godoro:jpalife:0.0.1-SNAPSHOT @ C:\Users\Sabri\Desktop\udemy-course\java-orm-jpa-hibernate\jpalife\pom.xml.
2022-11-10 13:50:20,007 [Worker-27: Building] WARN  o.e.m.c.i.embedder.EclipseLogger - Using platform encoding (Cp1254 actually) to copy filtered resources, i.e. build is platform dependent!
2022-11-10 13:50:20,008 [Worker-27: Building] INFO  o.e.m.c.i.embedder.EclipseLogger - Copying 0 resource
2022-11-10 13:50:20,009 [Worker-27: Building] WARN  o.e.m.c.i.embedder.EclipseLogger - Using platform encoding (Cp1254 actually) to copy filtered resources, i.e. build is platform dependent!
2022-11-10 13:50:20,010 [Worker-27: Building] INFO  o.e.m.c.i.embedder.EclipseLogger - Copying 0 resource
2022-11-10 13:50:21,279 [Worker-35: Building] WARN  o.e.m.c.i.embedder.EclipseLogger - Using platform encoding (Cp1254 actually) to copy filtered resources, i.e. build is platform dependent!
2022-11-10 13:50:21,281 [Worker-35: Building] INFO  o.e.m.c.i.embedder.EclipseLogger - Copying 0 resource
2022-11-10 13:50:21,282 [Worker-35: Building] WARN  o.e.m.c.i.embedder.EclipseLogger - Using platform encoding (Cp1254 actually) to copy filtered resources, i.e. build is platform dependent!
2022-11-10 13:50:21,283 [Worker-35: Building] INFO  o.e.m.c.i.embedder.EclipseLogger - Copying 0 resource
2022-11-10 13:50:33,561 [Worker-33: Building] WARN  o.e.m.c.i.embedder.EclipseLogger - Using platform encoding (Cp1254 actually) to copy filtered resources, i.e. build is platform dependent!
2022-11-10 13:50:33,563 [Worker-33: Building] INFO  o.e.m.c.i.embedder.EclipseLogger - Copying 0 resource
2022-11-10 13:50:33,564 [Worker-33: Building] WARN  o.e.m.c.i.embedder.EclipseLogger - Using platform encoding (Cp1254 actually) to copy filtered resources, i.e. build is platform dependent!
2022-11-10 13:50:33,564 [Worker-33: Building] INFO  o.e.m.c.i.embedder.EclipseLogger - Copying 0 resource
2022-11-10 13:50:42,975 [Worker-35: Building] WARN  o.e.m.c.i.embedder.EclipseLogger - Using platform encoding (Cp1254 actually) to copy filtered resources, i.e. build is platform dependent!
2022-11-10 13:50:42,976 [Worker-35: Building] INFO  o.e.m.c.i.embedder.EclipseLogger - Copying 0 resource
2022-11-10 13:50:42,977 [Worker-35: Building] WARN  o.e.m.c.i.embedder.EclipseLogger - Using platform encoding (Cp1254 actually) to copy filtered resources, i.e. build is platform dependent!
2022-11-10 13:50:42,978 [Worker-35: Building] INFO  o.e.m.c.i.embedder.EclipseLogger - Copying 0 resource
2022-11-10 13:51:48,218 [Worker-35: Building] WARN  o.e.m.c.i.embedder.EclipseLogger - Using platform encoding (Cp1254 actually) to copy filtered resources, i.e. build is platform dependent!
2022-11-10 13:51:48,219 [Worker-35: Building] INFO  o.e.m.c.i.embedder.EclipseLogger - Copying 0 resource
2022-11-10 13:51:48,221 [Worker-35: Building] WARN  o.e.m.c.i.embedder.EclipseLogger - Using platform encoding (Cp1254 actually) to copy filtered resources, i.e. build is platform dependent!
2022-11-10 13:51:48,222 [Worker-35: Building] INFO  o.e.m.c.i.embedder.EclipseLogger - Copying 0 resource
2022-11-10 13:51:49,283 [Worker-35: Building] WARN  o.e.m.c.i.embedder.EclipseLogger - Using platform encoding (Cp1254 actually) to copy filtered resources, i.e. build is platform dependent!
2022-11-10 13:51:49,285 [Worker-35: Building] INFO  o.e.m.c.i.embedder.EclipseLogger - Copying 0 resource
2022-11-10 13:51:49,287 [Worker-35: Building] WARN  o.e.m.c.i.embedder.EclipseLogger - Using platform encoding (Cp1254 actually) to copy filtered resources, i.e. build is platform dependent!
2022-11-10 13:51:49,289 [Worker-35: Building] INFO  o.e.m.c.i.embedder.EclipseLogger - Copying 0 resource
2022-11-10 13:51:54,318 [Worker-27: Building] WARN  o.e.m.c.i.embedder.EclipseLogger - Using platform encoding (Cp1254 actually) to copy filtered resources, i.e. build is platform dependent!
2022-11-10 13:51:54,319 [Worker-27: Building] INFO  o.e.m.c.i.embedder.EclipseLogger - Copying 0 resource
2022-11-10 13:51:54,320 [Worker-27: Building] WARN  o.e.m.c.i.embedder.EclipseLogger - Using platform encoding (Cp1254 actually) to copy filtered resources, i.e. build is platform dependent!
2022-11-10 13:51:54,321 [Worker-27: Building] INFO  o.e.m.c.i.embedder.EclipseLogger - Copying 0 resource
2022-11-10 13:51:57,852 [Worker-37: Building] WARN  o.e.m.c.i.embedder.EclipseLogger - Using platform encoding (Cp1254 actually) to copy filtered resources, i.e. build is platform dependent!
2022-11-10 13:51:57,854 [Worker-37: Building] INFO  o.e.m.c.i.embedder.EclipseLogger - Copying 0 resource
2022-11-10 13:51:57,855 [Worker-37: Building] WARN  o.e.m.c.i.embedder.EclipseLogger - Using platform encoding (Cp1254 actually) to copy filtered resources, i.e. build is platform dependent!
2022-11-10 13:51:57,857 [Worker-37: Building] INFO  o.e.m.c.i.embedder.EclipseLogger - Copying 0 resource
2022-11-10 13:51:58,899 [Worker-32: Building] WARN  o.e.m.c.i.embedder.EclipseLogger - Using platform encoding (Cp1254 actually) to copy filtered resources, i.e. build is platform dependent!
2022-11-10 13:51:58,900 [Worker-32: Building] INFO  o.e.m.c.i.embedder.EclipseLogger - Copying 0 resource
2022-11-10 13:51:58,900 [Worker-32: Building] WARN  o.e.m.c.i.embedder.EclipseLogger - Using platform encoding (Cp1254 actually) to copy filtered resources, i.e. build is platform dependent!
2022-11-10 13:51:58,902 [Worker-32: Building] INFO  o.e.m.c.i.embedder.EclipseLogger - Copying 0 resource
2022-11-10 13:52:34,684 [Worker-36: Building] WARN  o.e.m.c.i.embedder.EclipseLogger - Using platform encoding (Cp1254 actually) to copy filtered resources, i.e. build is platform dependent!
2022-11-10 13:52:34,686 [Worker-36: Building] INFO  o.e.m.c.i.embedder.EclipseLogger - Copying 0 resource
2022-11-10 13:52:34,687 [Worker-36: Building] WARN  o.e.m.c.i.embedder.EclipseLogger - Using platform encoding (Cp1254 actually) to copy filtered resources, i.e. build is platform dependent!
2022-11-10 13:52:34,688 [Worker-36: Building] INFO  o.e.m.c.i.embedder.EclipseLogger - Copying 0 resource
2022-11-10 13:52:41,298 [Worker-33: Building] WARN  o.e.m.c.i.embedder.EclipseLogger - Using platform encoding (Cp1254 actually) to copy filtered resources, i.e. build is platform dependent!
2022-11-10 13:52:41,300 [Worker-33: Building] INFO  o.e.m.c.i.embedder.EclipseLogger - Copying 0 resource
2022-11-10 13:52:41,301 [Worker-33: Building] WARN  o.e.m.c.i.embedder.EclipseLogger - Using platform encoding (Cp1254 actually) to copy filtered resources, i.e. build is platform dependent!
2022-11-10 13:52:41,303 [Worker-33: Building] INFO  o.e.m.c.i.embedder.EclipseLogger - Copying 0 resource
2022-11-10 13:54:01,966 [Worker-33: Building] WARN  o.e.m.c.i.embedder.EclipseLogger - Using platform encoding (Cp1254 actually) to copy filtered resources, i.e. build is platform dependent!
2022-11-10 13:54:01,967 [Worker-33: Building] INFO  o.e.m.c.i.embedder.EclipseLogger - Copying 0 resource
2022-11-10 13:54:01,970 [Worker-33: Building] WARN  o.e.m.c.i.embedder.EclipseLogger - Using platform encoding (Cp1254 actually) to copy filtered resources, i.e. build is platform dependent!
2022-11-10 13:54:01,972 [Worker-33: Building] INFO  o.e.m.c.i.embedder.EclipseLogger - Copying 0 resource
2022-11-10 13:56:55,012 [Worker-40: Building] WARN  o.e.m.c.i.embedder.EclipseLogger - Using platform encoding (Cp1254 actually) to copy filtered resources, i.e. build is platform dependent!
2022-11-10 13:56:55,014 [Worker-40: Building] INFO  o.e.m.c.i.embedder.EclipseLogger - Copying 0 resource
2022-11-10 13:56:55,015 [Worker-40: Building] WARN  o.e.m.c.i.embedder.EclipseLogger - Using platform encoding (Cp1254 actually) to copy filtered resources, i.e. build is platform dependent!
2022-11-10 13:56:55,017 [Worker-40: Building] INFO  o.e.m.c.i.embedder.EclipseLogger - Copying 0 resource
2022-11-10 14:19:14,362 [Worker-44: Building] WARN  o.e.m.c.i.embedder.EclipseLogger - Using platform encoding (Cp1254 actually) to copy filtered resources, i.e. build is platform dependent!
2022-11-10 14:19:14,364 [Worker-44: Building] INFO  o.e.m.c.i.embedder.EclipseLogger - Copying 0 resource
2022-11-10 14:19:14,367 [Worker-44: Building] WARN  o.e.m.c.i.embedder.EclipseLogger - Using platform encoding (Cp1254 actually) to copy filtered resources, i.e. build is platform dependent!
2022-11-10 14:19:14,369 [Worker-44: Building] INFO  o.e.m.c.i.embedder.EclipseLogger - Copying 0 resource
2022-11-10 14:44:25,716 [Worker-47: Building] WARN  o.e.m.c.i.embedder.EclipseLogger - Using platform encoding (Cp1254 actually) to copy filtered resources, i.e. build is platform dependent!
2022-11-10 14:44:25,718 [Worker-47: Building] INFO  o.e.m.c.i.embedder.EclipseLogger - Copying 0 resource
2022-11-10 14:44:25,719 [Worker-47: Building] WARN  o.e.m.c.i.embedder.EclipseLogger - Using platform encoding (Cp1254 actually) to copy filtered resources, i.e. build is platform dependent!
2022-11-10 14:44:25,720 [Worker-47: Building] INFO  o.e.m.c.i.embedder.EclipseLogger - Copying 0 resource
2022-11-10 14:44:26,794 [Worker-47: Building] WARN  o.e.m.c.i.embedder.EclipseLogger - Using platform encoding (Cp1254 actually) to copy filtered resources, i.e. build is platform dependent!
2022-11-10 14:44:26,803 [Worker-47: Building] INFO  o.e.m.c.i.embedder.EclipseLogger - Copying 0 resource
2022-11-10 14:44:26,809 [Worker-47: Building] WARN  o.e.m.c.i.embedder.EclipseLogger - Using platform encoding (Cp1254 actually) to copy filtered resources, i.e. build is platform dependent!
2022-11-10 14:44:26,817 [Worker-47: Building] INFO  o.e.m.c.i.embedder.EclipseLogger - Copying 0 resource
2022-11-10 14:51:54,556 [Worker-46: Building] WARN  o.e.m.c.i.embedder.EclipseLogger - Using platform encoding (Cp1254 actually) to copy filtered resources, i.e. build is platform dependent!
2022-11-10 14:51:54,558 [Worker-46: Building] INFO  o.e.m.c.i.embedder.EclipseLogger - Copying 0 resource
2022-11-10 14:51:54,558 [Worker-46: Building] WARN  o.e.m.c.i.embedder.EclipseLogger - Using platform encoding (Cp1254 actually) to copy filtered resources, i.e. build is platform dependent!
2022-11-10 14:51:54,559 [Worker-46: Building] INFO  o.e.m.c.i.embedder.EclipseLogger - Copying 0 resource
2022-11-10 14:52:37,224 [Worker-51: Building] WARN  o.e.m.c.i.embedder.EclipseLogger - Using platform encoding (Cp1254 actually) to copy filtered resources, i.e. build is platform dependent!
2022-11-10 14:52:37,226 [Worker-51: Building] INFO  o.e.m.c.i.embedder.EclipseLogger - Copying 0 resource
2022-11-10 14:52:37,228 [Worker-51: Building] WARN  o.e.m.c.i.embedder.EclipseLogger - Using platform encoding (Cp1254 actually) to copy filtered resources, i.e. build is platform dependent!
2022-11-10 14:52:37,229 [Worker-51: Building] INFO  o.e.m.c.i.embedder.EclipseLogger - Copying 0 resource
2022-11-10 14:54:07,066 [Worker-51: Building] WARN  o.e.m.c.i.embedder.EclipseLogger - Using platform encoding (Cp1254 actually) to copy filtered resources, i.e. build is platform dependent!
2022-11-10 14:54:07,067 [Worker-51: Building] INFO  o.e.m.c.i.embedder.EclipseLogger - Copying 0 resource
2022-11-10 14:54:07,068 [Worker-51: Building] WARN  o.e.m.c.i.embedder.EclipseLogger - Using platform encoding (Cp1254 actually) to copy filtered resources, i.e. build is platform dependent!
2022-11-10 14:54:07,069 [Worker-51: Building] INFO  o.e.m.c.i.embedder.EclipseLogger - Copying 0 resource
2022-11-10 15:00:54,257 [Worker-53: Building] INFO  o.e.m.c.i.l.LifecycleMappingFactory - Using org.eclipse.m2e.jdt.JarLifecycleMapping lifecycle mapping for MavenProject: com.godoro:jpalife:0.0.1-SNAPSHOT @ C:\Users\Sabri\Desktop\udemy-course\java-orm-jpa-hibernate\jpalife\pom.xml.
2022-11-10 15:00:54,511 [Worker-53: Building] WARN  o.e.m.c.i.embedder.EclipseLogger - Using platform encoding (Cp1254 actually) to copy filtered resources, i.e. build is platform dependent!
2022-11-10 15:00:54,512 [Worker-53: Building] INFO  o.e.m.c.i.embedder.EclipseLogger - Copying 0 resource
2022-11-10 15:00:54,513 [Worker-53: Building] WARN  o.e.m.c.i.embedder.EclipseLogger - Using platform encoding (Cp1254 actually) to copy filtered resources, i.e. build is platform dependent!
2022-11-10 15:00:54,514 [Worker-53: Building] INFO  o.e.m.c.i.embedder.EclipseLogger - Copying 0 resource
2022-11-10 15:00:55,751 [Worker-42: Building] WARN  o.e.m.c.i.embedder.EclipseLogger - Using platform encoding (Cp1254 actually) to copy filtered resources, i.e. build is platform dependent!
2022-11-10 15:00:55,753 [Worker-42: Building] INFO  o.e.m.c.i.embedder.EclipseLogger - Copying 0 resource
2022-11-10 15:00:55,754 [Worker-42: Building] WARN  o.e.m.c.i.embedder.EclipseLogger - Using platform encoding (Cp1254 actually) to copy filtered resources, i.e. build is platform dependent!
2022-11-10 15:00:55,755 [Worker-42: Building] INFO  o.e.m.c.i.embedder.EclipseLogger - Copying 0 resource
2022-11-10 15:00:56,388 [Worker-56: Download sources and javadoc] INFO  o.e.m.c.i.e.AbstractTransferListenerAdapter - Downloading https://repo.maven.apache.org/maven2/org/hibernate/hibernate-ehcache/5.2.6.Final/hibernate-ehcache-5.2.6.Final-sources.jar
2022-11-10 15:00:56,703 [Worker-56: Download sources and javadoc] INFO  o.e.m.c.i.e.AbstractTransferListenerAdapter - Downloaded https://repo.maven.apache.org/maven2/org/hibernate/hibernate-ehcache/5.2.6.Final/hibernate-ehcache-5.2.6.Final-sources.jar
2022-11-10 15:00:56,799 [Worker-58: Building] WARN  o.e.m.c.i.embedder.EclipseLogger - Using platform encoding (Cp1254 actually) to copy filtered resources, i.e. build is platform dependent!
2022-11-10 15:00:56,801 [Worker-58: Building] INFO  o.e.m.c.i.embedder.EclipseLogger - Copying 0 resource
2022-11-10 15:00:56,802 [Worker-58: Building] WARN  o.e.m.c.i.embedder.EclipseLogger - Using platform encoding (Cp1254 actually) to copy filtered resources, i.e. build is platform dependent!
2022-11-10 15:00:56,803 [Worker-58: Building] INFO  o.e.m.c.i.embedder.EclipseLogger - Copying 0 resource
2022-11-10 15:00:56,856 [Worker-56: Download sources and javadoc] INFO  o.e.m.j.internal.DownloadSourcesJob - Downloaded sources for org.hibernate:hibernate-ehcache:5.2.6.Final
2022-11-10 15:00:57,149 [Worker-56: Download sources and javadoc] INFO  o.e.m.c.i.e.AbstractTransferListenerAdapter - Downloading https://repo.maven.apache.org/maven2/net/sf/ehcache/ehcache/2.10.3/ehcache-2.10.3-sources.jar
2022-11-10 15:00:58,078 [Worker-56: Download sources and javadoc] INFO  o.e.m.c.i.e.AbstractTransferListenerAdapter - Downloaded https://repo.maven.apache.org/maven2/net/sf/ehcache/ehcache/2.10.3/ehcache-2.10.3-sources.jar
2022-11-10 15:00:58,233 [Worker-56: Download sources and javadoc] INFO  o.e.m.j.internal.DownloadSourcesJob - Downloaded sources for net.sf.ehcache:ehcache:2.10.3
2022-11-10 15:00:58,536 [Worker-56: Download sources and javadoc] INFO  o.e.m.c.i.e.AbstractTransferListenerAdapter - Downloading https://repo.maven.apache.org/maven2/org/slf4j/slf4j-api/1.7.7/slf4j-api-1.7.7-sources.jar
2022-11-10 15:00:58,688 [Worker-56: Download sources and javadoc] INFO  o.e.m.c.i.e.AbstractTransferListenerAdapter - Downloaded https://repo.maven.apache.org/maven2/org/slf4j/slf4j-api/1.7.7/slf4j-api-1.7.7-sources.jar
2022-11-10 15:00:58,777 [Worker-56: Download sources and javadoc] INFO  o.e.m.j.internal.DownloadSourcesJob - Downloaded sources for org.slf4j:slf4j-api:1.7.7
2022-11-10 15:00:58,928 [Worker-56: Building] WARN  o.e.m.c.i.embedder.EclipseLogger - Using platform encoding (Cp1254 actually) to copy filtered resources, i.e. build is platform dependent!
2022-11-10 15:00:58,929 [Worker-56: Building] INFO  o.e.m.c.i.embedder.EclipseLogger - Copying 0 resource
2022-11-10 15:00:58,930 [Worker-56: Building] WARN  o.e.m.c.i.embedder.EclipseLogger - Using platform encoding (Cp1254 actually) to copy filtered resources, i.e. build is platform dependent!
2022-11-10 15:00:58,932 [Worker-56: Building] INFO  o.e.m.c.i.embedder.EclipseLogger - Copying 0 resource
2022-11-10 15:02:38,310 [Worker-60: Building] WARN  o.e.m.c.i.embedder.EclipseLogger - Using platform encoding (Cp1254 actually) to copy filtered resources, i.e. build is platform dependent!
2022-11-10 15:02:38,312 [Worker-60: Building] INFO  o.e.m.c.i.embedder.EclipseLogger - Copying 0 resource
2022-11-10 15:02:38,313 [Worker-60: Building] WARN  o.e.m.c.i.embedder.EclipseLogger - Using platform encoding (Cp1254 actually) to copy filtered resources, i.e. build is platform dependent!
2022-11-10 15:02:38,314 [Worker-60: Building] INFO  o.e.m.c.i.embedder.EclipseLogger - Copying 0 resource
2022-11-10 15:21:52,335 [Worker-62: Building] WARN  o.e.m.c.i.embedder.EclipseLogger - Using platform encoding (Cp1254 actually) to copy filtered resources, i.e. build is platform dependent!
2022-11-10 15:21:52,336 [Worker-62: Building] INFO  o.e.m.c.i.embedder.EclipseLogger - Copying 0 resource
2022-11-10 15:21:52,337 [Worker-62: Building] WARN  o.e.m.c.i.embedder.EclipseLogger - Using platform encoding (Cp1254 actually) to copy filtered resources, i.e. build is platform dependent!
2022-11-10 15:21:52,339 [Worker-62: Building] INFO  o.e.m.c.i.embedder.EclipseLogger - Copying 0 resource
2022-11-10 15:21:53,369 [Worker-61: Building] WARN  o.e.m.c.i.embedder.EclipseLogger - Using platform encoding (Cp1254 actually) to copy filtered resources, i.e. build is platform dependent!
2022-11-10 15:21:53,371 [Worker-61: Building] INFO  o.e.m.c.i.embedder.EclipseLogger - Copying 0 resource
